[2021-03-23 20:54:03] DEV.ERROR: Method Laravel\Lumen\Http\ResponseFactory::header does not exist. {"exception":"[object] (BadMethodCallException(code: 0): Method Laravel\\Lumen\\Http\\ResponseFactory::header does not exist. at /data/secret/vendor/illuminate/macroable/Traits/Macroable.php:103)
[stacktrace]
#0 /data/secret/app/Http/Controllers/SecretApi.php(124): Laravel\\Lumen\\Http\\ResponseFactory->__call('header', Array)
#1 /data/secret/app/Http/Controllers/SecretApi.php(65): App\\Http\\Controllers\\SecretApi->respond(Object(App\\Secret))
#2 /data/secret/vendor/illuminate/container/BoundMethod.php(36): App\\Http\\Controllers\\SecretApi->addSecret()
#3 /data/secret/vendor/illuminate/container/Util.php(40): Illuminate\\Container\\BoundMethod::Illuminate\\Container\\{closure}()
#4 /data/secret/vendor/illuminate/container/BoundMethod.php(93): Illuminate\\Container\\Util::unwrapIfClosure(Object(Closure))
#5 /data/secret/vendor/illuminate/container/BoundMethod.php(37): Illuminate\\Container\\BoundMethod::callBoundMethod(Object(Laravel\\Lumen\\Application), Array, Object(Closure))
#6 /data/secret/vendor/illuminate/container/Container.php(611): Illuminate\\Container\\BoundMethod::call(Object(Laravel\\Lumen\\Application), Array, Array, NULL)
#7 /data/secret/vendor/laravel/lumen-framework/src/Concerns/RoutesRequests.php(386): Illuminate\\Container\\Container->call(Array, Array)
#8 /data/secret/vendor/laravel/lumen-framework/src/Concerns/RoutesRequests.php(352): Laravel\\Lumen\\Application->callControllerCallable(Array, Array)
#9 /data/secret/vendor/laravel/lumen-framework/src/Concerns/RoutesRequests.php(326): Laravel\\Lumen\\Application->callLumenController(Object(App\\Http\\Controllers\\SecretApi), 'addSecret', Array)
#10 /data/secret/vendor/laravel/lumen-framework/src/Concerns/RoutesRequests.php(279): Laravel\\Lumen\\Application->callControllerAction(Array)
#11 /data/secret/vendor/laravel/lumen-framework/src/Concerns/RoutesRequests.php(264): Laravel\\Lumen\\Application->callActionOnArrayBasedRoute(Array)
#12 /data/secret/vendor/laravel/lumen-framework/src/Concerns/RoutesRequests.php(166): Laravel\\Lumen\\Application->handleFoundRoute(Array)
#13 /data/secret/vendor/laravel/lumen-framework/src/Concerns/RoutesRequests.php(426): Laravel\\Lumen\\Application->Laravel\\Lumen\\Concerns\\{closure}(Object(Laravel\\Lumen\\Http\\Request))
#14 /data/secret/vendor/laravel/lumen-framework/src/Concerns/RoutesRequests.php(172): Laravel\\Lumen\\Application->sendThroughPipeline(Array, Object(Closure))
#15 /data/secret/vendor/laravel/lumen-framework/src/Concerns/RoutesRequests.php(92): Laravel\\Lumen\\Application->dispatch(Object(Laravel\\Lumen\\Http\\Request))
#16 /data/secret/vendor/laravel/lumen-framework/src/Testing/Concerns/MakesHttpRequests.php(361): Laravel\\Lumen\\Application->handle(Object(Laravel\\Lumen\\Http\\Request))
#17 /data/secret/vendor/laravel/lumen-framework/src/Testing/Concerns/MakesHttpRequests.php(49): Laravel\\Lumen\\Testing\\TestCase->call('POST', 'v1/secret', Array, Array, Array, Array, '{\"secret\":\"tesz...')
#18 /data/secret/tests/ApiTest.php(22): Laravel\\Lumen\\Testing\\TestCase->json('POST', 'v1/secret', Array)
#19 /data/secret/vendor/phpunit/phpunit/src/Framework/TestCase.php(1526): Test\\FooTest->testCreateSecret()
#20 /data/secret/vendor/phpunit/phpunit/src/Framework/TestCase.php(1132): PHPUnit\\Framework\\TestCase->runTest()
#21 /data/secret/vendor/phpunit/phpunit/src/Framework/TestResult.php(722): PHPUnit\\Framework\\TestCase->runBare()
#22 /data/secret/vendor/phpunit/phpunit/src/Framework/TestCase.php(884): PHPUnit\\Framework\\TestResult->run(Object(Test\\FooTest))
#23 /data/secret/vendor/phpunit/phpunit/src/Framework/TestSuite.php(677): PHPUnit\\Framework\\TestCase->run(Object(PHPUnit\\Framework\\TestResult))
#24 /data/secret/vendor/phpunit/phpunit/src/Framework/TestSuite.php(677): PHPUnit\\Framework\\TestSuite->run(Object(PHPUnit\\Framework\\TestResult))
#25 /data/secret/vendor/phpunit/phpunit/src/Framework/TestSuite.php(677): PHPUnit\\Framework\\TestSuite->run(Object(PHPUnit\\Framework\\TestResult))
#26 /data/secret/vendor/phpunit/phpunit/src/TextUI/TestRunner.php(667): PHPUnit\\Framework\\TestSuite->run(Object(PHPUnit\\Framework\\TestResult))
#27 /data/secret/vendor/phpunit/phpunit/src/TextUI/Command.php(143): PHPUnit\\TextUI\\TestRunner->run(Object(PHPUnit\\Framework\\TestSuite), Array, Array, true)
#28 /data/secret/vendor/phpunit/phpunit/src/TextUI/Command.php(96): PHPUnit\\TextUI\\Command->run(Array, true)
#29 /data/secret/vendor/phpunit/phpunit/phpunit(61): PHPUnit\\TextUI\\Command::main()
#30 {main}
"} 
[2021-03-23 20:54:03] DEV.ERROR: Method Laravel\Lumen\Http\ResponseFactory::header does not exist. {"exception":"[object] (BadMethodCallException(code: 0): Method Laravel\\Lumen\\Http\\ResponseFactory::header does not exist. at /data/secret/vendor/illuminate/macroable/Traits/Macroable.php:103)
[stacktrace]
#0 /data/secret/app/Http/Controllers/SecretApi.php(112): Laravel\\Lumen\\Http\\ResponseFactory->__call('header', Array)
#1 /data/secret/app/Http/Controllers/SecretApi.php(54): App\\Http\\Controllers\\SecretApi->respondWithError(Object(Illuminate\\Support\\MessageBag))
#2 /data/secret/vendor/illuminate/container/BoundMethod.php(36): App\\Http\\Controllers\\SecretApi->addSecret()
#3 /data/secret/vendor/illuminate/container/Util.php(40): Illuminate\\Container\\BoundMethod::Illuminate\\Container\\{closure}()
#4 /data/secret/vendor/illuminate/container/BoundMethod.php(93): Illuminate\\Container\\Util::unwrapIfClosure(Object(Closure))
#5 /data/secret/vendor/illuminate/container/BoundMethod.php(37): Illuminate\\Container\\BoundMethod::callBoundMethod(Object(Laravel\\Lumen\\Application), Array, Object(Closure))
#6 /data/secret/vendor/illuminate/container/Container.php(611): Illuminate\\Container\\BoundMethod::call(Object(Laravel\\Lumen\\Application), Array, Array, NULL)
#7 /data/secret/vendor/laravel/lumen-framework/src/Concerns/RoutesRequests.php(386): Illuminate\\Container\\Container->call(Array, Array)
#8 /data/secret/vendor/laravel/lumen-framework/src/Concerns/RoutesRequests.php(352): Laravel\\Lumen\\Application->callControllerCallable(Array, Array)
#9 /data/secret/vendor/laravel/lumen-framework/src/Concerns/RoutesRequests.php(326): Laravel\\Lumen\\Application->callLumenController(Object(App\\Http\\Controllers\\SecretApi), 'addSecret', Array)
#10 /data/secret/vendor/laravel/lumen-framework/src/Concerns/RoutesRequests.php(279): Laravel\\Lumen\\Application->callControllerAction(Array)
#11 /data/secret/vendor/laravel/lumen-framework/src/Concerns/RoutesRequests.php(264): Laravel\\Lumen\\Application->callActionOnArrayBasedRoute(Array)
#12 /data/secret/vendor/laravel/lumen-framework/src/Concerns/RoutesRequests.php(166): Laravel\\Lumen\\Application->handleFoundRoute(Array)
#13 /data/secret/vendor/laravel/lumen-framework/src/Concerns/RoutesRequests.php(426): Laravel\\Lumen\\Application->Laravel\\Lumen\\Concerns\\{closure}(Object(Laravel\\Lumen\\Http\\Request))
#14 /data/secret/vendor/laravel/lumen-framework/src/Concerns/RoutesRequests.php(172): Laravel\\Lumen\\Application->sendThroughPipeline(Array, Object(Closure))
#15 /data/secret/vendor/laravel/lumen-framework/src/Concerns/RoutesRequests.php(92): Laravel\\Lumen\\Application->dispatch(Object(Laravel\\Lumen\\Http\\Request))
#16 /data/secret/vendor/laravel/lumen-framework/src/Testing/Concerns/MakesHttpRequests.php(361): Laravel\\Lumen\\Application->handle(Object(Laravel\\Lumen\\Http\\Request))
#17 /data/secret/vendor/laravel/lumen-framework/src/Testing/Concerns/MakesHttpRequests.php(49): Laravel\\Lumen\\Testing\\TestCase->call('POST', 'v1/secret', Array, Array, Array, Array, '{\"secret\":null}')
#18 /data/secret/tests/ApiTest.php(37): Laravel\\Lumen\\Testing\\TestCase->json('POST', 'v1/secret', Array)
#19 /data/secret/vendor/phpunit/phpunit/src/Framework/TestCase.php(1526): Test\\FooTest->testCreateError()
#20 /data/secret/vendor/phpunit/phpunit/src/Framework/TestCase.php(1132): PHPUnit\\Framework\\TestCase->runTest()
#21 /data/secret/vendor/phpunit/phpunit/src/Framework/TestResult.php(722): PHPUnit\\Framework\\TestCase->runBare()
#22 /data/secret/vendor/phpunit/phpunit/src/Framework/TestCase.php(884): PHPUnit\\Framework\\TestResult->run(Object(Test\\FooTest))
#23 /data/secret/vendor/phpunit/phpunit/src/Framework/TestSuite.php(677): PHPUnit\\Framework\\TestCase->run(Object(PHPUnit\\Framework\\TestResult))
#24 /data/secret/vendor/phpunit/phpunit/src/Framework/TestSuite.php(677): PHPUnit\\Framework\\TestSuite->run(Object(PHPUnit\\Framework\\TestResult))
#25 /data/secret/vendor/phpunit/phpunit/src/Framework/TestSuite.php(677): PHPUnit\\Framework\\TestSuite->run(Object(PHPUnit\\Framework\\TestResult))
#26 /data/secret/vendor/phpunit/phpunit/src/TextUI/TestRunner.php(667): PHPUnit\\Framework\\TestSuite->run(Object(PHPUnit\\Framework\\TestResult))
#27 /data/secret/vendor/phpunit/phpunit/src/TextUI/Command.php(143): PHPUnit\\TextUI\\TestRunner->run(Object(PHPUnit\\Framework\\TestSuite), Array, Array, true)
#28 /data/secret/vendor/phpunit/phpunit/src/TextUI/Command.php(96): PHPUnit\\TextUI\\Command->run(Array, true)
#29 /data/secret/vendor/phpunit/phpunit/phpunit(61): PHPUnit\\TextUI\\Command::main()
#30 {main}
"} 
[2021-03-23 20:54:04] DEV.ERROR: Method Laravel\Lumen\Http\ResponseFactory::header does not exist. {"exception":"[object] (BadMethodCallException(code: 0): Method Laravel\\Lumen\\Http\\ResponseFactory::header does not exist. at /data/secret/vendor/illuminate/macroable/Traits/Macroable.php:103)
[stacktrace]
#0 /data/secret/app/Http/Controllers/SecretApi.php(124): Laravel\\Lumen\\Http\\ResponseFactory->__call('header', Array)
#1 /data/secret/app/Http/Controllers/SecretApi.php(99): App\\Http\\Controllers\\SecretApi->respond(Object(App\\Secret))
#2 /data/secret/vendor/illuminate/container/BoundMethod.php(36): App\\Http\\Controllers\\SecretApi->getSecretByHash('f74b32955f34b5b...')
#3 /data/secret/vendor/illuminate/container/Util.php(40): Illuminate\\Container\\BoundMethod::Illuminate\\Container\\{closure}()
#4 /data/secret/vendor/illuminate/container/BoundMethod.php(93): Illuminate\\Container\\Util::unwrapIfClosure(Object(Closure))
#5 /data/secret/vendor/illuminate/container/BoundMethod.php(37): Illuminate\\Container\\BoundMethod::callBoundMethod(Object(Laravel\\Lumen\\Application), Array, Object(Closure))
#6 /data/secret/vendor/illuminate/container/Container.php(611): Illuminate\\Container\\BoundMethod::call(Object(Laravel\\Lumen\\Application), Array, Array, NULL)
#7 /data/secret/vendor/laravel/lumen-framework/src/Concerns/RoutesRequests.php(386): Illuminate\\Container\\Container->call(Array, Array)
#8 /data/secret/vendor/laravel/lumen-framework/src/Concerns/RoutesRequests.php(352): Laravel\\Lumen\\Application->callControllerCallable(Array, Array)
#9 /data/secret/vendor/laravel/lumen-framework/src/Concerns/RoutesRequests.php(326): Laravel\\Lumen\\Application->callLumenController(Object(App\\Http\\Controllers\\SecretApi), 'getSecretByHash', Array)
#10 /data/secret/vendor/laravel/lumen-framework/src/Concerns/RoutesRequests.php(279): Laravel\\Lumen\\Application->callControllerAction(Array)
#11 /data/secret/vendor/laravel/lumen-framework/src/Concerns/RoutesRequests.php(264): Laravel\\Lumen\\Application->callActionOnArrayBasedRoute(Array)
#12 /data/secret/vendor/laravel/lumen-framework/src/Concerns/RoutesRequests.php(234): Laravel\\Lumen\\Application->handleFoundRoute(Array)
#13 /data/secret/vendor/laravel/lumen-framework/src/Concerns/RoutesRequests.php(170): Laravel\\Lumen\\Application->handleDispatcherResponse(Array)
#14 /data/secret/vendor/laravel/lumen-framework/src/Concerns/RoutesRequests.php(426): Laravel\\Lumen\\Application->Laravel\\Lumen\\Concerns\\{closure}(Object(Laravel\\Lumen\\Http\\Request))
#15 /data/secret/vendor/laravel/lumen-framework/src/Concerns/RoutesRequests.php(172): Laravel\\Lumen\\Application->sendThroughPipeline(Array, Object(Closure))
#16 /data/secret/vendor/laravel/lumen-framework/src/Concerns/RoutesRequests.php(92): Laravel\\Lumen\\Application->dispatch(Object(Laravel\\Lumen\\Http\\Request))
#17 /data/secret/vendor/laravel/lumen-framework/src/Testing/Concerns/MakesHttpRequests.php(361): Laravel\\Lumen\\Application->handle(Object(Laravel\\Lumen\\Http\\Request))
#18 /data/secret/vendor/laravel/lumen-framework/src/Testing/Concerns/MakesHttpRequests.php(49): Laravel\\Lumen\\Testing\\TestCase->call('GET', '/v1/secret/f74b...', Array, Array, Array, Array, '[]')
#19 /data/secret/tests/ApiTest.php(46): Laravel\\Lumen\\Testing\\TestCase->json('GET', '/v1/secret/f74b...')
#20 /data/secret/vendor/phpunit/phpunit/src/Framework/TestCase.php(1526): Test\\FooTest->testGetSecret()
#21 /data/secret/vendor/phpunit/phpunit/src/Framework/TestCase.php(1132): PHPUnit\\Framework\\TestCase->runTest()
#22 /data/secret/vendor/phpunit/phpunit/src/Framework/TestResult.php(722): PHPUnit\\Framework\\TestCase->runBare()
#23 /data/secret/vendor/phpunit/phpunit/src/Framework/TestCase.php(884): PHPUnit\\Framework\\TestResult->run(Object(Test\\FooTest))
#24 /data/secret/vendor/phpunit/phpunit/src/Framework/TestSuite.php(677): PHPUnit\\Framework\\TestCase->run(Object(PHPUnit\\Framework\\TestResult))
#25 /data/secret/vendor/phpunit/phpunit/src/Framework/TestSuite.php(677): PHPUnit\\Framework\\TestSuite->run(Object(PHPUnit\\Framework\\TestResult))
#26 /data/secret/vendor/phpunit/phpunit/src/Framework/TestSuite.php(677): PHPUnit\\Framework\\TestSuite->run(Object(PHPUnit\\Framework\\TestResult))
#27 /data/secret/vendor/phpunit/phpunit/src/TextUI/TestRunner.php(667): PHPUnit\\Framework\\TestSuite->run(Object(PHPUnit\\Framework\\TestResult))
#28 /data/secret/vendor/phpunit/phpunit/src/TextUI/Command.php(143): PHPUnit\\TextUI\\TestRunner->run(Object(PHPUnit\\Framework\\TestSuite), Array, Array, true)
#29 /data/secret/vendor/phpunit/phpunit/src/TextUI/Command.php(96): PHPUnit\\TextUI\\Command->run(Array, true)
#30 /data/secret/vendor/phpunit/phpunit/phpunit(61): PHPUnit\\TextUI\\Command::main()
#31 {main}
"} 
[2021-03-23 20:55:20] DEV.ERROR: Method Laravel\Lumen\Http\ResponseFactory::header does not exist. {"exception":"[object] (BadMethodCallException(code: 0): Method Laravel\\Lumen\\Http\\ResponseFactory::header does not exist. at /data/secret/vendor/illuminate/macroable/Traits/Macroable.php:103)
[stacktrace]
#0 /data/secret/app/Http/Controllers/SecretApi.php(112): Laravel\\Lumen\\Http\\ResponseFactory->__call('header', Array)
#1 /data/secret/app/Http/Controllers/SecretApi.php(93): App\\Http\\Controllers\\SecretApi->respondWithError('Secret not foun...', 404)
#2 /data/secret/vendor/illuminate/container/BoundMethod.php(36): App\\Http\\Controllers\\SecretApi->getSecretByHash('asdasd')
#3 /data/secret/vendor/illuminate/container/Util.php(40): Illuminate\\Container\\BoundMethod::Illuminate\\Container\\{closure}()
#4 /data/secret/vendor/illuminate/container/BoundMethod.php(93): Illuminate\\Container\\Util::unwrapIfClosure(Object(Closure))
#5 /data/secret/vendor/illuminate/container/BoundMethod.php(37): Illuminate\\Container\\BoundMethod::callBoundMethod(Object(Laravel\\Lumen\\Application), Array, Object(Closure))
#6 /data/secret/vendor/illuminate/container/Container.php(611): Illuminate\\Container\\BoundMethod::call(Object(Laravel\\Lumen\\Application), Array, Array, NULL)
#7 /data/secret/vendor/laravel/lumen-framework/src/Concerns/RoutesRequests.php(386): Illuminate\\Container\\Container->call(Array, Array)
#8 /data/secret/vendor/laravel/lumen-framework/src/Concerns/RoutesRequests.php(352): Laravel\\Lumen\\Application->callControllerCallable(Array, Array)
#9 /data/secret/vendor/laravel/lumen-framework/src/Concerns/RoutesRequests.php(326): Laravel\\Lumen\\Application->callLumenController(Object(App\\Http\\Controllers\\SecretApi), 'getSecretByHash', Array)
#10 /data/secret/vendor/laravel/lumen-framework/src/Concerns/RoutesRequests.php(279): Laravel\\Lumen\\Application->callControllerAction(Array)
#11 /data/secret/vendor/laravel/lumen-framework/src/Concerns/RoutesRequests.php(264): Laravel\\Lumen\\Application->callActionOnArrayBasedRoute(Array)
#12 /data/secret/vendor/laravel/lumen-framework/src/Concerns/RoutesRequests.php(234): Laravel\\Lumen\\Application->handleFoundRoute(Array)
#13 /data/secret/vendor/laravel/lumen-framework/src/Concerns/RoutesRequests.php(170): Laravel\\Lumen\\Application->handleDispatcherResponse(Array)
#14 /data/secret/vendor/laravel/lumen-framework/src/Concerns/RoutesRequests.php(426): Laravel\\Lumen\\Application->Laravel\\Lumen\\Concerns\\{closure}(Object(Laravel\\Lumen\\Http\\Request))
#15 /data/secret/vendor/laravel/lumen-framework/src/Concerns/RoutesRequests.php(172): Laravel\\Lumen\\Application->sendThroughPipeline(Array, Object(Closure))
#16 /data/secret/vendor/laravel/lumen-framework/src/Concerns/RoutesRequests.php(109): Laravel\\Lumen\\Application->dispatch(NULL)
#17 /data/secret/public/index.php(34): Laravel\\Lumen\\Application->run()
#18 {main}
"} 
[2021-03-23 20:55:20] DEV.ERROR: Method Laravel\Lumen\Http\ResponseFactory::header does not exist. {"exception":"[object] (BadMethodCallException(code: 0): Method Laravel\\Lumen\\Http\\ResponseFactory::header does not exist. at /data/secret/vendor/illuminate/macroable/Traits/Macroable.php:103)
[stacktrace]
#0 /data/secret/app/Http/Controllers/SecretApi.php(112): Laravel\\Lumen\\Http\\ResponseFactory->__call('header', Array)
#1 /data/secret/app/Http/Controllers/SecretApi.php(93): App\\Http\\Controllers\\SecretApi->respondWithError('Secret not foun...', 404)
#2 /data/secret/vendor/illuminate/container/BoundMethod.php(36): App\\Http\\Controllers\\SecretApi->getSecretByHash('asdasdasd')
#3 /data/secret/vendor/illuminate/container/Util.php(40): Illuminate\\Container\\BoundMethod::Illuminate\\Container\\{closure}()
#4 /data/secret/vendor/illuminate/container/BoundMethod.php(93): Illuminate\\Container\\Util::unwrapIfClosure(Object(Closure))
#5 /data/secret/vendor/illuminate/container/BoundMethod.php(37): Illuminate\\Container\\BoundMethod::callBoundMethod(Object(Laravel\\Lumen\\Application), Array, Object(Closure))
#6 /data/secret/vendor/illuminate/container/Container.php(611): Illuminate\\Container\\BoundMethod::call(Object(Laravel\\Lumen\\Application), Array, Array, NULL)
#7 /data/secret/vendor/laravel/lumen-framework/src/Concerns/RoutesRequests.php(386): Illuminate\\Container\\Container->call(Array, Array)
#8 /data/secret/vendor/laravel/lumen-framework/src/Concerns/RoutesRequests.php(352): Laravel\\Lumen\\Application->callControllerCallable(Array, Array)
#9 /data/secret/vendor/laravel/lumen-framework/src/Concerns/RoutesRequests.php(326): Laravel\\Lumen\\Application->callLumenController(Object(App\\Http\\Controllers\\SecretApi), 'getSecretByHash', Array)
#10 /data/secret/vendor/laravel/lumen-framework/src/Concerns/RoutesRequests.php(279): Laravel\\Lumen\\Application->callControllerAction(Array)
#11 /data/secret/vendor/laravel/lumen-framework/src/Concerns/RoutesRequests.php(264): Laravel\\Lumen\\Application->callActionOnArrayBasedRoute(Array)
#12 /data/secret/vendor/laravel/lumen-framework/src/Concerns/RoutesRequests.php(234): Laravel\\Lumen\\Application->handleFoundRoute(Array)
#13 /data/secret/vendor/laravel/lumen-framework/src/Concerns/RoutesRequests.php(170): Laravel\\Lumen\\Application->handleDispatcherResponse(Array)
#14 /data/secret/vendor/laravel/lumen-framework/src/Concerns/RoutesRequests.php(426): Laravel\\Lumen\\Application->Laravel\\Lumen\\Concerns\\{closure}(Object(Laravel\\Lumen\\Http\\Request))
#15 /data/secret/vendor/laravel/lumen-framework/src/Concerns/RoutesRequests.php(172): Laravel\\Lumen\\Application->sendThroughPipeline(Array, Object(Closure))
#16 /data/secret/vendor/laravel/lumen-framework/src/Concerns/RoutesRequests.php(109): Laravel\\Lumen\\Application->dispatch(NULL)
#17 /data/secret/public/index.php(34): Laravel\\Lumen\\Application->run()
#18 {main}
"} 
[2021-03-23 21:04:18] DEV.ERROR: syntax error, unexpected '->' (T_OBJECT_OPERATOR), expecting ';' {"exception":"[object] (ParseError(code: 0): syntax error, unexpected '->' (T_OBJECT_OPERATOR), expecting ';' at /data/secret/app/Http/Controllers/SecretApi.php:127)
[stacktrace]
#0 /data/secret/vendor/composer/ClassLoader.php(346): Composer\\Autoload\\includeFile('/data/secret/ve...')
#1 [internal function]: Composer\\Autoload\\ClassLoader->loadClass('App\\\\Http\\\\Contro...')
#2 [internal function]: spl_autoload_call('App\\\\Http\\\\Contro...')
#3 /data/secret/vendor/illuminate/container/Container.php(833): ReflectionClass->__construct('App\\\\Http\\\\Contro...')
#4 /data/secret/vendor/illuminate/container/Container.php(714): Illuminate\\Container\\Container->build('App\\\\Http\\\\Contro...')
#5 /data/secret/vendor/illuminate/container/Container.php(652): Illuminate\\Container\\Container->resolve('App\\\\Http\\\\Contro...', Array)
#6 /data/secret/vendor/laravel/lumen-framework/src/Application.php(300): Illuminate\\Container\\Container->make('App\\\\Http\\\\Contro...', Array)
#7 /data/secret/vendor/laravel/lumen-framework/src/Concerns/RoutesRequests.php(321): Laravel\\Lumen\\Application->make('App\\\\Http\\\\Contro...')
#8 /data/secret/vendor/laravel/lumen-framework/src/Concerns/RoutesRequests.php(279): Laravel\\Lumen\\Application->callControllerAction(Array)
#9 /data/secret/vendor/laravel/lumen-framework/src/Concerns/RoutesRequests.php(264): Laravel\\Lumen\\Application->callActionOnArrayBasedRoute(Array)
#10 /data/secret/vendor/laravel/lumen-framework/src/Concerns/RoutesRequests.php(234): Laravel\\Lumen\\Application->handleFoundRoute(Array)
#11 /data/secret/vendor/laravel/lumen-framework/src/Concerns/RoutesRequests.php(170): Laravel\\Lumen\\Application->handleDispatcherResponse(Array)
#12 /data/secret/vendor/laravel/lumen-framework/src/Concerns/RoutesRequests.php(426): Laravel\\Lumen\\Application->Laravel\\Lumen\\Concerns\\{closure}(Object(Laravel\\Lumen\\Http\\Request))
#13 /data/secret/vendor/laravel/lumen-framework/src/Concerns/RoutesRequests.php(172): Laravel\\Lumen\\Application->sendThroughPipeline(Array, Object(Closure))
#14 /data/secret/vendor/laravel/lumen-framework/src/Concerns/RoutesRequests.php(109): Laravel\\Lumen\\Application->dispatch(NULL)
#15 /data/secret/public/index.php(34): Laravel\\Lumen\\Application->run()
#16 {main}
"} 
[2021-03-23 22:36:56] DEV.ERROR: Non-static method Illuminate\Http\Request::all() should not be called statically {"exception":"[object] (ErrorException(code: 0): Non-static method Illuminate\\Http\\Request::all() should not be called statically at /data/secret/app/Http/Controllers/SecretApi.php:55)
[stacktrace]
#0 /data/secret/app/Http/Controllers/SecretApi.php(55): Laravel\\Lumen\\Application->Laravel\\Lumen\\Concerns\\{closure}(8192, 'Non-static meth...', '/data/secret/ap...', 55, Array)
#1 /data/secret/vendor/illuminate/container/BoundMethod.php(36): App\\Http\\Controllers\\SecretApi->addSecret(Object(Laravel\\Lumen\\Http\\Request))
#2 /data/secret/vendor/illuminate/container/Util.php(40): Illuminate\\Container\\BoundMethod::Illuminate\\Container\\{closure}()
#3 /data/secret/vendor/illuminate/container/BoundMethod.php(93): Illuminate\\Container\\Util::unwrapIfClosure(Object(Closure))
#4 /data/secret/vendor/illuminate/container/BoundMethod.php(37): Illuminate\\Container\\BoundMethod::callBoundMethod(Object(Laravel\\Lumen\\Application), Array, Object(Closure))
#5 /data/secret/vendor/illuminate/container/Container.php(611): Illuminate\\Container\\BoundMethod::call(Object(Laravel\\Lumen\\Application), Array, Array, NULL)
#6 /data/secret/vendor/laravel/lumen-framework/src/Concerns/RoutesRequests.php(386): Illuminate\\Container\\Container->call(Array, Array)
#7 /data/secret/vendor/laravel/lumen-framework/src/Concerns/RoutesRequests.php(352): Laravel\\Lumen\\Application->callControllerCallable(Array, Array)
#8 /data/secret/vendor/laravel/lumen-framework/src/Concerns/RoutesRequests.php(326): Laravel\\Lumen\\Application->callLumenController(Object(App\\Http\\Controllers\\SecretApi), 'addSecret', Array)
#9 /data/secret/vendor/laravel/lumen-framework/src/Concerns/RoutesRequests.php(279): Laravel\\Lumen\\Application->callControllerAction(Array)
#10 /data/secret/vendor/laravel/lumen-framework/src/Concerns/RoutesRequests.php(264): Laravel\\Lumen\\Application->callActionOnArrayBasedRoute(Array)
#11 /data/secret/vendor/laravel/lumen-framework/src/Concerns/RoutesRequests.php(166): Laravel\\Lumen\\Application->handleFoundRoute(Array)
#12 /data/secret/vendor/laravel/lumen-framework/src/Concerns/RoutesRequests.php(426): Laravel\\Lumen\\Application->Laravel\\Lumen\\Concerns\\{closure}(Object(Laravel\\Lumen\\Http\\Request))
#13 /data/secret/vendor/laravel/lumen-framework/src/Concerns/RoutesRequests.php(172): Laravel\\Lumen\\Application->sendThroughPipeline(Array, Object(Closure))
#14 /data/secret/vendor/laravel/lumen-framework/src/Concerns/RoutesRequests.php(109): Laravel\\Lumen\\Application->dispatch(NULL)
#15 /data/secret/public/index.php(34): Laravel\\Lumen\\Application->run()
#16 {main}
"} 
