[2021-04-09 07:48:20] local.ERROR: SQLSTATE[HY000] [2002] php_network_getaddresses: getaddrinfo failed: Name or service not known (SQL: select * from `secrets` where `hash` = asddasd and `remainingViews` > 0 and (`expiresAt` >= 2021-04-09 07:48:20 or `expiresAt` is null) limit 1) {"exception":"[object] (Illuminate\\Database\\QueryException(code: 2002): SQLSTATE[HY000] [2002] php_network_getaddresses: getaddrinfo failed: Name or service not known (SQL: select * from `secrets` where `hash` = asddasd and `remainingViews` > 0 and (`expiresAt` >= 2021-04-09 07:48:20 or `expiresAt` is null) limit 1) at /data/secret/vendor/illuminate/database/Connection.php:678)
[stacktrace]
#0 /data/secret/vendor/illuminate/database/Connection.php(752): Illuminate\\Database\\Connection->runQueryCallback('select * from `...', Array, Object(Closure))
#1 /data/secret/vendor/illuminate/database/Connection.php(732): Illuminate\\Database\\Connection->tryAgainIfCausedByLostConnection(Object(Illuminate\\Database\\QueryException), 'select * from `...', Array, Object(Closure))
#2 /data/secret/vendor/illuminate/database/Connection.php(641): Illuminate\\Database\\Connection->handleQueryException(Object(Illuminate\\Database\\QueryException), 'select * from `...', Array, Object(Closure))
#3 /data/secret/vendor/illuminate/database/Connection.php(346): Illuminate\\Database\\Connection->run('select * from `...', Array, Object(Closure))
#4 /data/secret/vendor/illuminate/database/Query/Builder.php(2313): Illuminate\\Database\\Connection->select('select * from `...', Array, true)
#5 /data/secret/vendor/illuminate/database/Query/Builder.php(2301): Illuminate\\Database\\Query\\Builder->runSelect()
#6 /data/secret/vendor/illuminate/database/Query/Builder.php(2796): Illuminate\\Database\\Query\\Builder->Illuminate\\Database\\Query\\{closure}()
#7 /data/secret/vendor/illuminate/database/Query/Builder.php(2302): Illuminate\\Database\\Query\\Builder->onceWithColumns(Array, Object(Closure))
#8 /data/secret/vendor/illuminate/database/Eloquent/Builder.php(588): Illuminate\\Database\\Query\\Builder->get(Array)
#9 /data/secret/vendor/illuminate/database/Eloquent/Builder.php(572): Illuminate\\Database\\Eloquent\\Builder->getModels(Array)
#10 /data/secret/vendor/illuminate/database/Concerns/BuildsQueries.php(170): Illuminate\\Database\\Eloquent\\Builder->get(Array)
#11 /data/secret/app/Http/Controllers/SecretApi.php(99): Illuminate\\Database\\Eloquent\\Builder->first()
#12 /data/secret/vendor/illuminate/container/BoundMethod.php(36): App\\Http\\Controllers\\SecretApi->getSecretByHash('asddasd')
#13 /data/secret/vendor/illuminate/container/Util.php(40): Illuminate\\Container\\BoundMethod::Illuminate\\Container\\{closure}()
#14 /data/secret/vendor/illuminate/container/BoundMethod.php(93): Illuminate\\Container\\Util::unwrapIfClosure(Object(Closure))
#15 /data/secret/vendor/illuminate/container/BoundMethod.php(37): Illuminate\\Container\\BoundMethod::callBoundMethod(Object(Laravel\\Lumen\\Application), Array, Object(Closure))
#16 /data/secret/vendor/illuminate/container/Container.php(611): Illuminate\\Container\\BoundMethod::call(Object(Laravel\\Lumen\\Application), Array, Array, NULL)
#17 /data/secret/vendor/laravel/lumen-framework/src/Concerns/RoutesRequests.php(386): Illuminate\\Container\\Container->call(Array, Array)
#18 /data/secret/vendor/laravel/lumen-framework/src/Concerns/RoutesRequests.php(352): Laravel\\Lumen\\Application->callControllerCallable(Array, Array)
#19 /data/secret/vendor/laravel/lumen-framework/src/Concerns/RoutesRequests.php(326): Laravel\\Lumen\\Application->callLumenController(Object(App\\Http\\Controllers\\SecretApi), 'getSecretByHash', Array)
#20 /data/secret/vendor/laravel/lumen-framework/src/Concerns/RoutesRequests.php(279): Laravel\\Lumen\\Application->callControllerAction(Array)
#21 /data/secret/vendor/laravel/lumen-framework/src/Concerns/RoutesRequests.php(264): Laravel\\Lumen\\Application->callActionOnArrayBasedRoute(Array)
#22 /data/secret/vendor/laravel/lumen-framework/src/Concerns/RoutesRequests.php(234): Laravel\\Lumen\\Application->handleFoundRoute(Array)
#23 /data/secret/vendor/laravel/lumen-framework/src/Concerns/RoutesRequests.php(170): Laravel\\Lumen\\Application->handleDispatcherResponse(Array)
#24 /data/secret/vendor/laravel/lumen-framework/src/Concerns/RoutesRequests.php(426): Laravel\\Lumen\\Application->Laravel\\Lumen\\Concerns\\{closure}(Object(Laravel\\Lumen\\Http\\Request))
#25 /data/secret/vendor/laravel/lumen-framework/src/Concerns/RoutesRequests.php(172): Laravel\\Lumen\\Application->sendThroughPipeline(Array, Object(Closure))
#26 /data/secret/vendor/laravel/lumen-framework/src/Concerns/RoutesRequests.php(109): Laravel\\Lumen\\Application->dispatch(NULL)
#27 /data/secret/public/index.php(34): Laravel\\Lumen\\Application->run()
#28 {main}

[previous exception] [object] (PDOException(code: 2002): SQLSTATE[HY000] [2002] php_network_getaddresses: getaddrinfo failed: Name or service not known at /data/secret/vendor/illuminate/database/Connectors/Connector.php:70)
[stacktrace]
#0 /data/secret/vendor/illuminate/database/Connectors/Connector.php(70): PDO->__construct('mysql:host=mysq...', 'root', 'root', Array)
#1 /data/secret/vendor/illuminate/database/Connectors/Connector.php(100): Illuminate\\Database\\Connectors\\Connector->createPdoConnection('mysql:host=mysq...', 'root', 'root', Array)
#2 /data/secret/vendor/illuminate/database/Connectors/Connector.php(50): Illuminate\\Database\\Connectors\\Connector->tryAgainIfCausedByLostConnection(Object(PDOException), 'mysql:host=mysq...', 'root', 'root', Array)
#3 /data/secret/vendor/illuminate/database/Connectors/MySqlConnector.php(24): Illuminate\\Database\\Connectors\\Connector->createConnection('mysql:host=mysq...', Array, Array)
#4 /data/secret/vendor/illuminate/database/Connectors/ConnectionFactory.php(184): Illuminate\\Database\\Connectors\\MySqlConnector->connect(Array)
#5 [internal function]: Illuminate\\Database\\Connectors\\ConnectionFactory->Illuminate\\Database\\Connectors\\{closure}()
#6 /data/secret/vendor/illuminate/database/Connection.php(949): call_user_func(Object(Closure))
#7 /data/secret/vendor/illuminate/database/Connection.php(984): Illuminate\\Database\\Connection->getPdo()
#8 /data/secret/vendor/illuminate/database/Connection.php(412): Illuminate\\Database\\Connection->getReadPdo()
#9 /data/secret/vendor/illuminate/database/Connection.php(338): Illuminate\\Database\\Connection->getPdoForSelect(true)
#10 /data/secret/vendor/illuminate/database/Connection.php(671): Illuminate\\Database\\Connection->Illuminate\\Database\\{closure}('select * from `...', Array)
#11 /data/secret/vendor/illuminate/database/Connection.php(752): Illuminate\\Database\\Connection->runQueryCallback('select * from `...', Array, Object(Closure))
#12 /data/secret/vendor/illuminate/database/Connection.php(732): Illuminate\\Database\\Connection->tryAgainIfCausedByLostConnection(Object(Illuminate\\Database\\QueryException), 'select * from `...', Array, Object(Closure))
#13 /data/secret/vendor/illuminate/database/Connection.php(641): Illuminate\\Database\\Connection->handleQueryException(Object(Illuminate\\Database\\QueryException), 'select * from `...', Array, Object(Closure))
#14 /data/secret/vendor/illuminate/database/Connection.php(346): Illuminate\\Database\\Connection->run('select * from `...', Array, Object(Closure))
#15 /data/secret/vendor/illuminate/database/Query/Builder.php(2313): Illuminate\\Database\\Connection->select('select * from `...', Array, true)
#16 /data/secret/vendor/illuminate/database/Query/Builder.php(2301): Illuminate\\Database\\Query\\Builder->runSelect()
#17 /data/secret/vendor/illuminate/database/Query/Builder.php(2796): Illuminate\\Database\\Query\\Builder->Illuminate\\Database\\Query\\{closure}()
#18 /data/secret/vendor/illuminate/database/Query/Builder.php(2302): Illuminate\\Database\\Query\\Builder->onceWithColumns(Array, Object(Closure))
#19 /data/secret/vendor/illuminate/database/Eloquent/Builder.php(588): Illuminate\\Database\\Query\\Builder->get(Array)
#20 /data/secret/vendor/illuminate/database/Eloquent/Builder.php(572): Illuminate\\Database\\Eloquent\\Builder->getModels(Array)
#21 /data/secret/vendor/illuminate/database/Concerns/BuildsQueries.php(170): Illuminate\\Database\\Eloquent\\Builder->get(Array)
#22 /data/secret/app/Http/Controllers/SecretApi.php(99): Illuminate\\Database\\Eloquent\\Builder->first()
#23 /data/secret/vendor/illuminate/container/BoundMethod.php(36): App\\Http\\Controllers\\SecretApi->getSecretByHash('asddasd')
#24 /data/secret/vendor/illuminate/container/Util.php(40): Illuminate\\Container\\BoundMethod::Illuminate\\Container\\{closure}()
#25 /data/secret/vendor/illuminate/container/BoundMethod.php(93): Illuminate\\Container\\Util::unwrapIfClosure(Object(Closure))
#26 /data/secret/vendor/illuminate/container/BoundMethod.php(37): Illuminate\\Container\\BoundMethod::callBoundMethod(Object(Laravel\\Lumen\\Application), Array, Object(Closure))
#27 /data/secret/vendor/illuminate/container/Container.php(611): Illuminate\\Container\\BoundMethod::call(Object(Laravel\\Lumen\\Application), Array, Array, NULL)
#28 /data/secret/vendor/laravel/lumen-framework/src/Concerns/RoutesRequests.php(386): Illuminate\\Container\\Container->call(Array, Array)
#29 /data/secret/vendor/laravel/lumen-framework/src/Concerns/RoutesRequests.php(352): Laravel\\Lumen\\Application->callControllerCallable(Array, Array)
#30 /data/secret/vendor/laravel/lumen-framework/src/Concerns/RoutesRequests.php(326): Laravel\\Lumen\\Application->callLumenController(Object(App\\Http\\Controllers\\SecretApi), 'getSecretByHash', Array)
#31 /data/secret/vendor/laravel/lumen-framework/src/Concerns/RoutesRequests.php(279): Laravel\\Lumen\\Application->callControllerAction(Array)
#32 /data/secret/vendor/laravel/lumen-framework/src/Concerns/RoutesRequests.php(264): Laravel\\Lumen\\Application->callActionOnArrayBasedRoute(Array)
#33 /data/secret/vendor/laravel/lumen-framework/src/Concerns/RoutesRequests.php(234): Laravel\\Lumen\\Application->handleFoundRoute(Array)
#34 /data/secret/vendor/laravel/lumen-framework/src/Concerns/RoutesRequests.php(170): Laravel\\Lumen\\Application->handleDispatcherResponse(Array)
#35 /data/secret/vendor/laravel/lumen-framework/src/Concerns/RoutesRequests.php(426): Laravel\\Lumen\\Application->Laravel\\Lumen\\Concerns\\{closure}(Object(Laravel\\Lumen\\Http\\Request))
#36 /data/secret/vendor/laravel/lumen-framework/src/Concerns/RoutesRequests.php(172): Laravel\\Lumen\\Application->sendThroughPipeline(Array, Object(Closure))
#37 /data/secret/vendor/laravel/lumen-framework/src/Concerns/RoutesRequests.php(109): Laravel\\Lumen\\Application->dispatch(NULL)
#38 /data/secret/public/index.php(34): Laravel\\Lumen\\Application->run()
#39 {main}

[previous exception] [object] (PDOException(code: 0): PDO::__construct(): php_network_getaddresses: getaddrinfo failed: Name or service not known at /data/secret/vendor/illuminate/database/Connectors/Connector.php:70)
[stacktrace]
#0 /data/secret/vendor/illuminate/database/Connectors/Connector.php(70): PDO->__construct('mysql:host=mysq...', 'root', 'root', Array)
#1 /data/secret/vendor/illuminate/database/Connectors/Connector.php(100): Illuminate\\Database\\Connectors\\Connector->createPdoConnection('mysql:host=mysq...', 'root', 'root', Array)
#2 /data/secret/vendor/illuminate/database/Connectors/Connector.php(50): Illuminate\\Database\\Connectors\\Connector->tryAgainIfCausedByLostConnection(Object(PDOException), 'mysql:host=mysq...', 'root', 'root', Array)
#3 /data/secret/vendor/illuminate/database/Connectors/MySqlConnector.php(24): Illuminate\\Database\\Connectors\\Connector->createConnection('mysql:host=mysq...', Array, Array)
#4 /data/secret/vendor/illuminate/database/Connectors/ConnectionFactory.php(184): Illuminate\\Database\\Connectors\\MySqlConnector->connect(Array)
#5 [internal function]: Illuminate\\Database\\Connectors\\ConnectionFactory->Illuminate\\Database\\Connectors\\{closure}()
#6 /data/secret/vendor/illuminate/database/Connection.php(949): call_user_func(Object(Closure))
#7 /data/secret/vendor/illuminate/database/Connection.php(984): Illuminate\\Database\\Connection->getPdo()
#8 /data/secret/vendor/illuminate/database/Connection.php(412): Illuminate\\Database\\Connection->getReadPdo()
#9 /data/secret/vendor/illuminate/database/Connection.php(338): Illuminate\\Database\\Connection->getPdoForSelect(true)
#10 /data/secret/vendor/illuminate/database/Connection.php(671): Illuminate\\Database\\Connection->Illuminate\\Database\\{closure}('select * from `...', Array)
#11 /data/secret/vendor/illuminate/database/Connection.php(752): Illuminate\\Database\\Connection->runQueryCallback('select * from `...', Array, Object(Closure))
#12 /data/secret/vendor/illuminate/database/Connection.php(732): Illuminate\\Database\\Connection->tryAgainIfCausedByLostConnection(Object(Illuminate\\Database\\QueryException), 'select * from `...', Array, Object(Closure))
#13 /data/secret/vendor/illuminate/database/Connection.php(641): Illuminate\\Database\\Connection->handleQueryException(Object(Illuminate\\Database\\QueryException), 'select * from `...', Array, Object(Closure))
#14 /data/secret/vendor/illuminate/database/Connection.php(346): Illuminate\\Database\\Connection->run('select * from `...', Array, Object(Closure))
#15 /data/secret/vendor/illuminate/database/Query/Builder.php(2313): Illuminate\\Database\\Connection->select('select * from `...', Array, true)
#16 /data/secret/vendor/illuminate/database/Query/Builder.php(2301): Illuminate\\Database\\Query\\Builder->runSelect()
#17 /data/secret/vendor/illuminate/database/Query/Builder.php(2796): Illuminate\\Database\\Query\\Builder->Illuminate\\Database\\Query\\{closure}()
#18 /data/secret/vendor/illuminate/database/Query/Builder.php(2302): Illuminate\\Database\\Query\\Builder->onceWithColumns(Array, Object(Closure))
#19 /data/secret/vendor/illuminate/database/Eloquent/Builder.php(588): Illuminate\\Database\\Query\\Builder->get(Array)
#20 /data/secret/vendor/illuminate/database/Eloquent/Builder.php(572): Illuminate\\Database\\Eloquent\\Builder->getModels(Array)
#21 /data/secret/vendor/illuminate/database/Concerns/BuildsQueries.php(170): Illuminate\\Database\\Eloquent\\Builder->get(Array)
#22 /data/secret/app/Http/Controllers/SecretApi.php(99): Illuminate\\Database\\Eloquent\\Builder->first()
#23 /data/secret/vendor/illuminate/container/BoundMethod.php(36): App\\Http\\Controllers\\SecretApi->getSecretByHash('asddasd')
#24 /data/secret/vendor/illuminate/container/Util.php(40): Illuminate\\Container\\BoundMethod::Illuminate\\Container\\{closure}()
#25 /data/secret/vendor/illuminate/container/BoundMethod.php(93): Illuminate\\Container\\Util::unwrapIfClosure(Object(Closure))
#26 /data/secret/vendor/illuminate/container/BoundMethod.php(37): Illuminate\\Container\\BoundMethod::callBoundMethod(Object(Laravel\\Lumen\\Application), Array, Object(Closure))
#27 /data/secret/vendor/illuminate/container/Container.php(611): Illuminate\\Container\\BoundMethod::call(Object(Laravel\\Lumen\\Application), Array, Array, NULL)
#28 /data/secret/vendor/laravel/lumen-framework/src/Concerns/RoutesRequests.php(386): Illuminate\\Container\\Container->call(Array, Array)
#29 /data/secret/vendor/laravel/lumen-framework/src/Concerns/RoutesRequests.php(352): Laravel\\Lumen\\Application->callControllerCallable(Array, Array)
#30 /data/secret/vendor/laravel/lumen-framework/src/Concerns/RoutesRequests.php(326): Laravel\\Lumen\\Application->callLumenController(Object(App\\Http\\Controllers\\SecretApi), 'getSecretByHash', Array)
#31 /data/secret/vendor/laravel/lumen-framework/src/Concerns/RoutesRequests.php(279): Laravel\\Lumen\\Application->callControllerAction(Array)
#32 /data/secret/vendor/laravel/lumen-framework/src/Concerns/RoutesRequests.php(264): Laravel\\Lumen\\Application->callActionOnArrayBasedRoute(Array)
#33 /data/secret/vendor/laravel/lumen-framework/src/Concerns/RoutesRequests.php(234): Laravel\\Lumen\\Application->handleFoundRoute(Array)
#34 /data/secret/vendor/laravel/lumen-framework/src/Concerns/RoutesRequests.php(170): Laravel\\Lumen\\Application->handleDispatcherResponse(Array)
#35 /data/secret/vendor/laravel/lumen-framework/src/Concerns/RoutesRequests.php(426): Laravel\\Lumen\\Application->Laravel\\Lumen\\Concerns\\{closure}(Object(Laravel\\Lumen\\Http\\Request))
#36 /data/secret/vendor/laravel/lumen-framework/src/Concerns/RoutesRequests.php(172): Laravel\\Lumen\\Application->sendThroughPipeline(Array, Object(Closure))
#37 /data/secret/vendor/laravel/lumen-framework/src/Concerns/RoutesRequests.php(109): Laravel\\Lumen\\Application->dispatch(NULL)
#38 /data/secret/public/index.php(34): Laravel\\Lumen\\Application->run()
#39 {main}
"} 
[2021-04-09 07:48:55] local.ERROR: SQLSTATE[HY000] [2002] php_network_getaddresses: getaddrinfo failed: Name or service not known (SQL: select * from `secrets` where `hash` = asddasd and `remainingViews` > 0 and (`expiresAt` >= 2021-04-09 07:48:54 or `expiresAt` is null) limit 1) {"exception":"[object] (Illuminate\\Database\\QueryException(code: 2002): SQLSTATE[HY000] [2002] php_network_getaddresses: getaddrinfo failed: Name or service not known (SQL: select * from `secrets` where `hash` = asddasd and `remainingViews` > 0 and (`expiresAt` >= 2021-04-09 07:48:54 or `expiresAt` is null) limit 1) at /data/secret/vendor/illuminate/database/Connection.php:678)
[stacktrace]
#0 /data/secret/vendor/illuminate/database/Connection.php(752): Illuminate\\Database\\Connection->runQueryCallback('select * from `...', Array, Object(Closure))
#1 /data/secret/vendor/illuminate/database/Connection.php(732): Illuminate\\Database\\Connection->tryAgainIfCausedByLostConnection(Object(Illuminate\\Database\\QueryException), 'select * from `...', Array, Object(Closure))
#2 /data/secret/vendor/illuminate/database/Connection.php(641): Illuminate\\Database\\Connection->handleQueryException(Object(Illuminate\\Database\\QueryException), 'select * from `...', Array, Object(Closure))
#3 /data/secret/vendor/illuminate/database/Connection.php(346): Illuminate\\Database\\Connection->run('select * from `...', Array, Object(Closure))
#4 /data/secret/vendor/illuminate/database/Query/Builder.php(2313): Illuminate\\Database\\Connection->select('select * from `...', Array, true)
#5 /data/secret/vendor/illuminate/database/Query/Builder.php(2301): Illuminate\\Database\\Query\\Builder->runSelect()
#6 /data/secret/vendor/illuminate/database/Query/Builder.php(2796): Illuminate\\Database\\Query\\Builder->Illuminate\\Database\\Query\\{closure}()
#7 /data/secret/vendor/illuminate/database/Query/Builder.php(2302): Illuminate\\Database\\Query\\Builder->onceWithColumns(Array, Object(Closure))
#8 /data/secret/vendor/illuminate/database/Eloquent/Builder.php(588): Illuminate\\Database\\Query\\Builder->get(Array)
#9 /data/secret/vendor/illuminate/database/Eloquent/Builder.php(572): Illuminate\\Database\\Eloquent\\Builder->getModels(Array)
#10 /data/secret/vendor/illuminate/database/Concerns/BuildsQueries.php(170): Illuminate\\Database\\Eloquent\\Builder->get(Array)
#11 /data/secret/app/Http/Controllers/SecretApi.php(99): Illuminate\\Database\\Eloquent\\Builder->first()
#12 /data/secret/vendor/illuminate/container/BoundMethod.php(36): App\\Http\\Controllers\\SecretApi->getSecretByHash('asddasd')
#13 /data/secret/vendor/illuminate/container/Util.php(40): Illuminate\\Container\\BoundMethod::Illuminate\\Container\\{closure}()
#14 /data/secret/vendor/illuminate/container/BoundMethod.php(93): Illuminate\\Container\\Util::unwrapIfClosure(Object(Closure))
#15 /data/secret/vendor/illuminate/container/BoundMethod.php(37): Illuminate\\Container\\BoundMethod::callBoundMethod(Object(Laravel\\Lumen\\Application), Array, Object(Closure))
#16 /data/secret/vendor/illuminate/container/Container.php(611): Illuminate\\Container\\BoundMethod::call(Object(Laravel\\Lumen\\Application), Array, Array, NULL)
#17 /data/secret/vendor/laravel/lumen-framework/src/Concerns/RoutesRequests.php(386): Illuminate\\Container\\Container->call(Array, Array)
#18 /data/secret/vendor/laravel/lumen-framework/src/Concerns/RoutesRequests.php(352): Laravel\\Lumen\\Application->callControllerCallable(Array, Array)
#19 /data/secret/vendor/laravel/lumen-framework/src/Concerns/RoutesRequests.php(326): Laravel\\Lumen\\Application->callLumenController(Object(App\\Http\\Controllers\\SecretApi), 'getSecretByHash', Array)
#20 /data/secret/vendor/laravel/lumen-framework/src/Concerns/RoutesRequests.php(279): Laravel\\Lumen\\Application->callControllerAction(Array)
#21 /data/secret/vendor/laravel/lumen-framework/src/Concerns/RoutesRequests.php(264): Laravel\\Lumen\\Application->callActionOnArrayBasedRoute(Array)
#22 /data/secret/vendor/laravel/lumen-framework/src/Concerns/RoutesRequests.php(234): Laravel\\Lumen\\Application->handleFoundRoute(Array)
#23 /data/secret/vendor/laravel/lumen-framework/src/Concerns/RoutesRequests.php(170): Laravel\\Lumen\\Application->handleDispatcherResponse(Array)
#24 /data/secret/vendor/laravel/lumen-framework/src/Concerns/RoutesRequests.php(426): Laravel\\Lumen\\Application->Laravel\\Lumen\\Concerns\\{closure}(Object(Laravel\\Lumen\\Http\\Request))
#25 /data/secret/vendor/laravel/lumen-framework/src/Concerns/RoutesRequests.php(172): Laravel\\Lumen\\Application->sendThroughPipeline(Array, Object(Closure))
#26 /data/secret/vendor/laravel/lumen-framework/src/Concerns/RoutesRequests.php(109): Laravel\\Lumen\\Application->dispatch(NULL)
#27 /data/secret/public/index.php(34): Laravel\\Lumen\\Application->run()
#28 {main}

[previous exception] [object] (PDOException(code: 2002): SQLSTATE[HY000] [2002] php_network_getaddresses: getaddrinfo failed: Name or service not known at /data/secret/vendor/illuminate/database/Connectors/Connector.php:70)
[stacktrace]
#0 /data/secret/vendor/illuminate/database/Connectors/Connector.php(70): PDO->__construct('mysql:host=mysq...', 'root', 'root', Array)
#1 /data/secret/vendor/illuminate/database/Connectors/Connector.php(100): Illuminate\\Database\\Connectors\\Connector->createPdoConnection('mysql:host=mysq...', 'root', 'root', Array)
#2 /data/secret/vendor/illuminate/database/Connectors/Connector.php(50): Illuminate\\Database\\Connectors\\Connector->tryAgainIfCausedByLostConnection(Object(PDOException), 'mysql:host=mysq...', 'root', 'root', Array)
#3 /data/secret/vendor/illuminate/database/Connectors/MySqlConnector.php(24): Illuminate\\Database\\Connectors\\Connector->createConnection('mysql:host=mysq...', Array, Array)
#4 /data/secret/vendor/illuminate/database/Connectors/ConnectionFactory.php(184): Illuminate\\Database\\Connectors\\MySqlConnector->connect(Array)
#5 [internal function]: Illuminate\\Database\\Connectors\\ConnectionFactory->Illuminate\\Database\\Connectors\\{closure}()
#6 /data/secret/vendor/illuminate/database/Connection.php(949): call_user_func(Object(Closure))
#7 /data/secret/vendor/illuminate/database/Connection.php(984): Illuminate\\Database\\Connection->getPdo()
#8 /data/secret/vendor/illuminate/database/Connection.php(412): Illuminate\\Database\\Connection->getReadPdo()
#9 /data/secret/vendor/illuminate/database/Connection.php(338): Illuminate\\Database\\Connection->getPdoForSelect(true)
#10 /data/secret/vendor/illuminate/database/Connection.php(671): Illuminate\\Database\\Connection->Illuminate\\Database\\{closure}('select * from `...', Array)
#11 /data/secret/vendor/illuminate/database/Connection.php(752): Illuminate\\Database\\Connection->runQueryCallback('select * from `...', Array, Object(Closure))
#12 /data/secret/vendor/illuminate/database/Connection.php(732): Illuminate\\Database\\Connection->tryAgainIfCausedByLostConnection(Object(Illuminate\\Database\\QueryException), 'select * from `...', Array, Object(Closure))
#13 /data/secret/vendor/illuminate/database/Connection.php(641): Illuminate\\Database\\Connection->handleQueryException(Object(Illuminate\\Database\\QueryException), 'select * from `...', Array, Object(Closure))
#14 /data/secret/vendor/illuminate/database/Connection.php(346): Illuminate\\Database\\Connection->run('select * from `...', Array, Object(Closure))
#15 /data/secret/vendor/illuminate/database/Query/Builder.php(2313): Illuminate\\Database\\Connection->select('select * from `...', Array, true)
#16 /data/secret/vendor/illuminate/database/Query/Builder.php(2301): Illuminate\\Database\\Query\\Builder->runSelect()
#17 /data/secret/vendor/illuminate/database/Query/Builder.php(2796): Illuminate\\Database\\Query\\Builder->Illuminate\\Database\\Query\\{closure}()
#18 /data/secret/vendor/illuminate/database/Query/Builder.php(2302): Illuminate\\Database\\Query\\Builder->onceWithColumns(Array, Object(Closure))
#19 /data/secret/vendor/illuminate/database/Eloquent/Builder.php(588): Illuminate\\Database\\Query\\Builder->get(Array)
#20 /data/secret/vendor/illuminate/database/Eloquent/Builder.php(572): Illuminate\\Database\\Eloquent\\Builder->getModels(Array)
#21 /data/secret/vendor/illuminate/database/Concerns/BuildsQueries.php(170): Illuminate\\Database\\Eloquent\\Builder->get(Array)
#22 /data/secret/app/Http/Controllers/SecretApi.php(99): Illuminate\\Database\\Eloquent\\Builder->first()
#23 /data/secret/vendor/illuminate/container/BoundMethod.php(36): App\\Http\\Controllers\\SecretApi->getSecretByHash('asddasd')
#24 /data/secret/vendor/illuminate/container/Util.php(40): Illuminate\\Container\\BoundMethod::Illuminate\\Container\\{closure}()
#25 /data/secret/vendor/illuminate/container/BoundMethod.php(93): Illuminate\\Container\\Util::unwrapIfClosure(Object(Closure))
#26 /data/secret/vendor/illuminate/container/BoundMethod.php(37): Illuminate\\Container\\BoundMethod::callBoundMethod(Object(Laravel\\Lumen\\Application), Array, Object(Closure))
#27 /data/secret/vendor/illuminate/container/Container.php(611): Illuminate\\Container\\BoundMethod::call(Object(Laravel\\Lumen\\Application), Array, Array, NULL)
#28 /data/secret/vendor/laravel/lumen-framework/src/Concerns/RoutesRequests.php(386): Illuminate\\Container\\Container->call(Array, Array)
#29 /data/secret/vendor/laravel/lumen-framework/src/Concerns/RoutesRequests.php(352): Laravel\\Lumen\\Application->callControllerCallable(Array, Array)
#30 /data/secret/vendor/laravel/lumen-framework/src/Concerns/RoutesRequests.php(326): Laravel\\Lumen\\Application->callLumenController(Object(App\\Http\\Controllers\\SecretApi), 'getSecretByHash', Array)
#31 /data/secret/vendor/laravel/lumen-framework/src/Concerns/RoutesRequests.php(279): Laravel\\Lumen\\Application->callControllerAction(Array)
#32 /data/secret/vendor/laravel/lumen-framework/src/Concerns/RoutesRequests.php(264): Laravel\\Lumen\\Application->callActionOnArrayBasedRoute(Array)
#33 /data/secret/vendor/laravel/lumen-framework/src/Concerns/RoutesRequests.php(234): Laravel\\Lumen\\Application->handleFoundRoute(Array)
#34 /data/secret/vendor/laravel/lumen-framework/src/Concerns/RoutesRequests.php(170): Laravel\\Lumen\\Application->handleDispatcherResponse(Array)
#35 /data/secret/vendor/laravel/lumen-framework/src/Concerns/RoutesRequests.php(426): Laravel\\Lumen\\Application->Laravel\\Lumen\\Concerns\\{closure}(Object(Laravel\\Lumen\\Http\\Request))
#36 /data/secret/vendor/laravel/lumen-framework/src/Concerns/RoutesRequests.php(172): Laravel\\Lumen\\Application->sendThroughPipeline(Array, Object(Closure))
#37 /data/secret/vendor/laravel/lumen-framework/src/Concerns/RoutesRequests.php(109): Laravel\\Lumen\\Application->dispatch(NULL)
#38 /data/secret/public/index.php(34): Laravel\\Lumen\\Application->run()
#39 {main}

[previous exception] [object] (PDOException(code: 0): PDO::__construct(): php_network_getaddresses: getaddrinfo failed: Name or service not known at /data/secret/vendor/illuminate/database/Connectors/Connector.php:70)
[stacktrace]
#0 /data/secret/vendor/illuminate/database/Connectors/Connector.php(70): PDO->__construct('mysql:host=mysq...', 'root', 'root', Array)
#1 /data/secret/vendor/illuminate/database/Connectors/Connector.php(100): Illuminate\\Database\\Connectors\\Connector->createPdoConnection('mysql:host=mysq...', 'root', 'root', Array)
#2 /data/secret/vendor/illuminate/database/Connectors/Connector.php(50): Illuminate\\Database\\Connectors\\Connector->tryAgainIfCausedByLostConnection(Object(PDOException), 'mysql:host=mysq...', 'root', 'root', Array)
#3 /data/secret/vendor/illuminate/database/Connectors/MySqlConnector.php(24): Illuminate\\Database\\Connectors\\Connector->createConnection('mysql:host=mysq...', Array, Array)
#4 /data/secret/vendor/illuminate/database/Connectors/ConnectionFactory.php(184): Illuminate\\Database\\Connectors\\MySqlConnector->connect(Array)
#5 [internal function]: Illuminate\\Database\\Connectors\\ConnectionFactory->Illuminate\\Database\\Connectors\\{closure}()
#6 /data/secret/vendor/illuminate/database/Connection.php(949): call_user_func(Object(Closure))
#7 /data/secret/vendor/illuminate/database/Connection.php(984): Illuminate\\Database\\Connection->getPdo()
#8 /data/secret/vendor/illuminate/database/Connection.php(412): Illuminate\\Database\\Connection->getReadPdo()
#9 /data/secret/vendor/illuminate/database/Connection.php(338): Illuminate\\Database\\Connection->getPdoForSelect(true)
#10 /data/secret/vendor/illuminate/database/Connection.php(671): Illuminate\\Database\\Connection->Illuminate\\Database\\{closure}('select * from `...', Array)
#11 /data/secret/vendor/illuminate/database/Connection.php(752): Illuminate\\Database\\Connection->runQueryCallback('select * from `...', Array, Object(Closure))
#12 /data/secret/vendor/illuminate/database/Connection.php(732): Illuminate\\Database\\Connection->tryAgainIfCausedByLostConnection(Object(Illuminate\\Database\\QueryException), 'select * from `...', Array, Object(Closure))
#13 /data/secret/vendor/illuminate/database/Connection.php(641): Illuminate\\Database\\Connection->handleQueryException(Object(Illuminate\\Database\\QueryException), 'select * from `...', Array, Object(Closure))
#14 /data/secret/vendor/illuminate/database/Connection.php(346): Illuminate\\Database\\Connection->run('select * from `...', Array, Object(Closure))
#15 /data/secret/vendor/illuminate/database/Query/Builder.php(2313): Illuminate\\Database\\Connection->select('select * from `...', Array, true)
#16 /data/secret/vendor/illuminate/database/Query/Builder.php(2301): Illuminate\\Database\\Query\\Builder->runSelect()
#17 /data/secret/vendor/illuminate/database/Query/Builder.php(2796): Illuminate\\Database\\Query\\Builder->Illuminate\\Database\\Query\\{closure}()
#18 /data/secret/vendor/illuminate/database/Query/Builder.php(2302): Illuminate\\Database\\Query\\Builder->onceWithColumns(Array, Object(Closure))
#19 /data/secret/vendor/illuminate/database/Eloquent/Builder.php(588): Illuminate\\Database\\Query\\Builder->get(Array)
#20 /data/secret/vendor/illuminate/database/Eloquent/Builder.php(572): Illuminate\\Database\\Eloquent\\Builder->getModels(Array)
#21 /data/secret/vendor/illuminate/database/Concerns/BuildsQueries.php(170): Illuminate\\Database\\Eloquent\\Builder->get(Array)
#22 /data/secret/app/Http/Controllers/SecretApi.php(99): Illuminate\\Database\\Eloquent\\Builder->first()
#23 /data/secret/vendor/illuminate/container/BoundMethod.php(36): App\\Http\\Controllers\\SecretApi->getSecretByHash('asddasd')
#24 /data/secret/vendor/illuminate/container/Util.php(40): Illuminate\\Container\\BoundMethod::Illuminate\\Container\\{closure}()
#25 /data/secret/vendor/illuminate/container/BoundMethod.php(93): Illuminate\\Container\\Util::unwrapIfClosure(Object(Closure))
#26 /data/secret/vendor/illuminate/container/BoundMethod.php(37): Illuminate\\Container\\BoundMethod::callBoundMethod(Object(Laravel\\Lumen\\Application), Array, Object(Closure))
#27 /data/secret/vendor/illuminate/container/Container.php(611): Illuminate\\Container\\BoundMethod::call(Object(Laravel\\Lumen\\Application), Array, Array, NULL)
#28 /data/secret/vendor/laravel/lumen-framework/src/Concerns/RoutesRequests.php(386): Illuminate\\Container\\Container->call(Array, Array)
#29 /data/secret/vendor/laravel/lumen-framework/src/Concerns/RoutesRequests.php(352): Laravel\\Lumen\\Application->callControllerCallable(Array, Array)
#30 /data/secret/vendor/laravel/lumen-framework/src/Concerns/RoutesRequests.php(326): Laravel\\Lumen\\Application->callLumenController(Object(App\\Http\\Controllers\\SecretApi), 'getSecretByHash', Array)
#31 /data/secret/vendor/laravel/lumen-framework/src/Concerns/RoutesRequests.php(279): Laravel\\Lumen\\Application->callControllerAction(Array)
#32 /data/secret/vendor/laravel/lumen-framework/src/Concerns/RoutesRequests.php(264): Laravel\\Lumen\\Application->callActionOnArrayBasedRoute(Array)
#33 /data/secret/vendor/laravel/lumen-framework/src/Concerns/RoutesRequests.php(234): Laravel\\Lumen\\Application->handleFoundRoute(Array)
#34 /data/secret/vendor/laravel/lumen-framework/src/Concerns/RoutesRequests.php(170): Laravel\\Lumen\\Application->handleDispatcherResponse(Array)
#35 /data/secret/vendor/laravel/lumen-framework/src/Concerns/RoutesRequests.php(426): Laravel\\Lumen\\Application->Laravel\\Lumen\\Concerns\\{closure}(Object(Laravel\\Lumen\\Http\\Request))
#36 /data/secret/vendor/laravel/lumen-framework/src/Concerns/RoutesRequests.php(172): Laravel\\Lumen\\Application->sendThroughPipeline(Array, Object(Closure))
#37 /data/secret/vendor/laravel/lumen-framework/src/Concerns/RoutesRequests.php(109): Laravel\\Lumen\\Application->dispatch(NULL)
#38 /data/secret/public/index.php(34): Laravel\\Lumen\\Application->run()
#39 {main}
"} 
[2021-04-09 07:49:19] local.ERROR: SQLSTATE[HY000] [2002] php_network_getaddresses: getaddrinfo failed: Name or service not known (SQL: select * from `secrets` where `hash` = asdasdasd and `remainingViews` > 0 and (`expiresAt` >= 2021-04-09 07:49:19 or `expiresAt` is null) limit 1) {"exception":"[object] (Illuminate\\Database\\QueryException(code: 2002): SQLSTATE[HY000] [2002] php_network_getaddresses: getaddrinfo failed: Name or service not known (SQL: select * from `secrets` where `hash` = asdasdasd and `remainingViews` > 0 and (`expiresAt` >= 2021-04-09 07:49:19 or `expiresAt` is null) limit 1) at /data/secret/vendor/illuminate/database/Connection.php:678)
[stacktrace]
#0 /data/secret/vendor/illuminate/database/Connection.php(752): Illuminate\\Database\\Connection->runQueryCallback('select * from `...', Array, Object(Closure))
#1 /data/secret/vendor/illuminate/database/Connection.php(732): Illuminate\\Database\\Connection->tryAgainIfCausedByLostConnection(Object(Illuminate\\Database\\QueryException), 'select * from `...', Array, Object(Closure))
#2 /data/secret/vendor/illuminate/database/Connection.php(641): Illuminate\\Database\\Connection->handleQueryException(Object(Illuminate\\Database\\QueryException), 'select * from `...', Array, Object(Closure))
#3 /data/secret/vendor/illuminate/database/Connection.php(346): Illuminate\\Database\\Connection->run('select * from `...', Array, Object(Closure))
#4 /data/secret/vendor/illuminate/database/Query/Builder.php(2313): Illuminate\\Database\\Connection->select('select * from `...', Array, true)
#5 /data/secret/vendor/illuminate/database/Query/Builder.php(2301): Illuminate\\Database\\Query\\Builder->runSelect()
#6 /data/secret/vendor/illuminate/database/Query/Builder.php(2796): Illuminate\\Database\\Query\\Builder->Illuminate\\Database\\Query\\{closure}()
#7 /data/secret/vendor/illuminate/database/Query/Builder.php(2302): Illuminate\\Database\\Query\\Builder->onceWithColumns(Array, Object(Closure))
#8 /data/secret/vendor/illuminate/database/Eloquent/Builder.php(588): Illuminate\\Database\\Query\\Builder->get(Array)
#9 /data/secret/vendor/illuminate/database/Eloquent/Builder.php(572): Illuminate\\Database\\Eloquent\\Builder->getModels(Array)
#10 /data/secret/vendor/illuminate/database/Concerns/BuildsQueries.php(170): Illuminate\\Database\\Eloquent\\Builder->get(Array)
#11 /data/secret/app/Http/Controllers/SecretApi.php(99): Illuminate\\Database\\Eloquent\\Builder->first()
#12 /data/secret/vendor/illuminate/container/BoundMethod.php(36): App\\Http\\Controllers\\SecretApi->getSecretByHash('asdasdasd')
#13 /data/secret/vendor/illuminate/container/Util.php(40): Illuminate\\Container\\BoundMethod::Illuminate\\Container\\{closure}()
#14 /data/secret/vendor/illuminate/container/BoundMethod.php(93): Illuminate\\Container\\Util::unwrapIfClosure(Object(Closure))
#15 /data/secret/vendor/illuminate/container/BoundMethod.php(37): Illuminate\\Container\\BoundMethod::callBoundMethod(Object(Laravel\\Lumen\\Application), Array, Object(Closure))
#16 /data/secret/vendor/illuminate/container/Container.php(611): Illuminate\\Container\\BoundMethod::call(Object(Laravel\\Lumen\\Application), Array, Array, NULL)
#17 /data/secret/vendor/laravel/lumen-framework/src/Concerns/RoutesRequests.php(386): Illuminate\\Container\\Container->call(Array, Array)
#18 /data/secret/vendor/laravel/lumen-framework/src/Concerns/RoutesRequests.php(352): Laravel\\Lumen\\Application->callControllerCallable(Array, Array)
#19 /data/secret/vendor/laravel/lumen-framework/src/Concerns/RoutesRequests.php(326): Laravel\\Lumen\\Application->callLumenController(Object(App\\Http\\Controllers\\SecretApi), 'getSecretByHash', Array)
#20 /data/secret/vendor/laravel/lumen-framework/src/Concerns/RoutesRequests.php(279): Laravel\\Lumen\\Application->callControllerAction(Array)
#21 /data/secret/vendor/laravel/lumen-framework/src/Concerns/RoutesRequests.php(264): Laravel\\Lumen\\Application->callActionOnArrayBasedRoute(Array)
#22 /data/secret/vendor/laravel/lumen-framework/src/Concerns/RoutesRequests.php(234): Laravel\\Lumen\\Application->handleFoundRoute(Array)
#23 /data/secret/vendor/laravel/lumen-framework/src/Concerns/RoutesRequests.php(170): Laravel\\Lumen\\Application->handleDispatcherResponse(Array)
#24 /data/secret/vendor/laravel/lumen-framework/src/Concerns/RoutesRequests.php(426): Laravel\\Lumen\\Application->Laravel\\Lumen\\Concerns\\{closure}(Object(Laravel\\Lumen\\Http\\Request))
#25 /data/secret/vendor/laravel/lumen-framework/src/Concerns/RoutesRequests.php(172): Laravel\\Lumen\\Application->sendThroughPipeline(Array, Object(Closure))
#26 /data/secret/vendor/laravel/lumen-framework/src/Concerns/RoutesRequests.php(109): Laravel\\Lumen\\Application->dispatch(NULL)
#27 /data/secret/public/index.php(34): Laravel\\Lumen\\Application->run()
#28 {main}

[previous exception] [object] (PDOException(code: 2002): SQLSTATE[HY000] [2002] php_network_getaddresses: getaddrinfo failed: Name or service not known at /data/secret/vendor/illuminate/database/Connectors/Connector.php:70)
[stacktrace]
#0 /data/secret/vendor/illuminate/database/Connectors/Connector.php(70): PDO->__construct('mysql:host=mysq...', 'root', 'root', Array)
#1 /data/secret/vendor/illuminate/database/Connectors/Connector.php(100): Illuminate\\Database\\Connectors\\Connector->createPdoConnection('mysql:host=mysq...', 'root', 'root', Array)
#2 /data/secret/vendor/illuminate/database/Connectors/Connector.php(50): Illuminate\\Database\\Connectors\\Connector->tryAgainIfCausedByLostConnection(Object(PDOException), 'mysql:host=mysq...', 'root', 'root', Array)
#3 /data/secret/vendor/illuminate/database/Connectors/MySqlConnector.php(24): Illuminate\\Database\\Connectors\\Connector->createConnection('mysql:host=mysq...', Array, Array)
#4 /data/secret/vendor/illuminate/database/Connectors/ConnectionFactory.php(184): Illuminate\\Database\\Connectors\\MySqlConnector->connect(Array)
#5 [internal function]: Illuminate\\Database\\Connectors\\ConnectionFactory->Illuminate\\Database\\Connectors\\{closure}()
#6 /data/secret/vendor/illuminate/database/Connection.php(949): call_user_func(Object(Closure))
#7 /data/secret/vendor/illuminate/database/Connection.php(984): Illuminate\\Database\\Connection->getPdo()
#8 /data/secret/vendor/illuminate/database/Connection.php(412): Illuminate\\Database\\Connection->getReadPdo()
#9 /data/secret/vendor/illuminate/database/Connection.php(338): Illuminate\\Database\\Connection->getPdoForSelect(true)
#10 /data/secret/vendor/illuminate/database/Connection.php(671): Illuminate\\Database\\Connection->Illuminate\\Database\\{closure}('select * from `...', Array)
#11 /data/secret/vendor/illuminate/database/Connection.php(752): Illuminate\\Database\\Connection->runQueryCallback('select * from `...', Array, Object(Closure))
#12 /data/secret/vendor/illuminate/database/Connection.php(732): Illuminate\\Database\\Connection->tryAgainIfCausedByLostConnection(Object(Illuminate\\Database\\QueryException), 'select * from `...', Array, Object(Closure))
#13 /data/secret/vendor/illuminate/database/Connection.php(641): Illuminate\\Database\\Connection->handleQueryException(Object(Illuminate\\Database\\QueryException), 'select * from `...', Array, Object(Closure))
#14 /data/secret/vendor/illuminate/database/Connection.php(346): Illuminate\\Database\\Connection->run('select * from `...', Array, Object(Closure))
#15 /data/secret/vendor/illuminate/database/Query/Builder.php(2313): Illuminate\\Database\\Connection->select('select * from `...', Array, true)
#16 /data/secret/vendor/illuminate/database/Query/Builder.php(2301): Illuminate\\Database\\Query\\Builder->runSelect()
#17 /data/secret/vendor/illuminate/database/Query/Builder.php(2796): Illuminate\\Database\\Query\\Builder->Illuminate\\Database\\Query\\{closure}()
#18 /data/secret/vendor/illuminate/database/Query/Builder.php(2302): Illuminate\\Database\\Query\\Builder->onceWithColumns(Array, Object(Closure))
#19 /data/secret/vendor/illuminate/database/Eloquent/Builder.php(588): Illuminate\\Database\\Query\\Builder->get(Array)
#20 /data/secret/vendor/illuminate/database/Eloquent/Builder.php(572): Illuminate\\Database\\Eloquent\\Builder->getModels(Array)
#21 /data/secret/vendor/illuminate/database/Concerns/BuildsQueries.php(170): Illuminate\\Database\\Eloquent\\Builder->get(Array)
#22 /data/secret/app/Http/Controllers/SecretApi.php(99): Illuminate\\Database\\Eloquent\\Builder->first()
#23 /data/secret/vendor/illuminate/container/BoundMethod.php(36): App\\Http\\Controllers\\SecretApi->getSecretByHash('asdasdasd')
#24 /data/secret/vendor/illuminate/container/Util.php(40): Illuminate\\Container\\BoundMethod::Illuminate\\Container\\{closure}()
#25 /data/secret/vendor/illuminate/container/BoundMethod.php(93): Illuminate\\Container\\Util::unwrapIfClosure(Object(Closure))
#26 /data/secret/vendor/illuminate/container/BoundMethod.php(37): Illuminate\\Container\\BoundMethod::callBoundMethod(Object(Laravel\\Lumen\\Application), Array, Object(Closure))
#27 /data/secret/vendor/illuminate/container/Container.php(611): Illuminate\\Container\\BoundMethod::call(Object(Laravel\\Lumen\\Application), Array, Array, NULL)
#28 /data/secret/vendor/laravel/lumen-framework/src/Concerns/RoutesRequests.php(386): Illuminate\\Container\\Container->call(Array, Array)
#29 /data/secret/vendor/laravel/lumen-framework/src/Concerns/RoutesRequests.php(352): Laravel\\Lumen\\Application->callControllerCallable(Array, Array)
#30 /data/secret/vendor/laravel/lumen-framework/src/Concerns/RoutesRequests.php(326): Laravel\\Lumen\\Application->callLumenController(Object(App\\Http\\Controllers\\SecretApi), 'getSecretByHash', Array)
#31 /data/secret/vendor/laravel/lumen-framework/src/Concerns/RoutesRequests.php(279): Laravel\\Lumen\\Application->callControllerAction(Array)
#32 /data/secret/vendor/laravel/lumen-framework/src/Concerns/RoutesRequests.php(264): Laravel\\Lumen\\Application->callActionOnArrayBasedRoute(Array)
#33 /data/secret/vendor/laravel/lumen-framework/src/Concerns/RoutesRequests.php(234): Laravel\\Lumen\\Application->handleFoundRoute(Array)
#34 /data/secret/vendor/laravel/lumen-framework/src/Concerns/RoutesRequests.php(170): Laravel\\Lumen\\Application->handleDispatcherResponse(Array)
#35 /data/secret/vendor/laravel/lumen-framework/src/Concerns/RoutesRequests.php(426): Laravel\\Lumen\\Application->Laravel\\Lumen\\Concerns\\{closure}(Object(Laravel\\Lumen\\Http\\Request))
#36 /data/secret/vendor/laravel/lumen-framework/src/Concerns/RoutesRequests.php(172): Laravel\\Lumen\\Application->sendThroughPipeline(Array, Object(Closure))
#37 /data/secret/vendor/laravel/lumen-framework/src/Concerns/RoutesRequests.php(109): Laravel\\Lumen\\Application->dispatch(NULL)
#38 /data/secret/public/index.php(34): Laravel\\Lumen\\Application->run()
#39 {main}

[previous exception] [object] (PDOException(code: 0): PDO::__construct(): php_network_getaddresses: getaddrinfo failed: Name or service not known at /data/secret/vendor/illuminate/database/Connectors/Connector.php:70)
[stacktrace]
#0 /data/secret/vendor/illuminate/database/Connectors/Connector.php(70): PDO->__construct('mysql:host=mysq...', 'root', 'root', Array)
#1 /data/secret/vendor/illuminate/database/Connectors/Connector.php(100): Illuminate\\Database\\Connectors\\Connector->createPdoConnection('mysql:host=mysq...', 'root', 'root', Array)
#2 /data/secret/vendor/illuminate/database/Connectors/Connector.php(50): Illuminate\\Database\\Connectors\\Connector->tryAgainIfCausedByLostConnection(Object(PDOException), 'mysql:host=mysq...', 'root', 'root', Array)
#3 /data/secret/vendor/illuminate/database/Connectors/MySqlConnector.php(24): Illuminate\\Database\\Connectors\\Connector->createConnection('mysql:host=mysq...', Array, Array)
#4 /data/secret/vendor/illuminate/database/Connectors/ConnectionFactory.php(184): Illuminate\\Database\\Connectors\\MySqlConnector->connect(Array)
#5 [internal function]: Illuminate\\Database\\Connectors\\ConnectionFactory->Illuminate\\Database\\Connectors\\{closure}()
#6 /data/secret/vendor/illuminate/database/Connection.php(949): call_user_func(Object(Closure))
#7 /data/secret/vendor/illuminate/database/Connection.php(984): Illuminate\\Database\\Connection->getPdo()
#8 /data/secret/vendor/illuminate/database/Connection.php(412): Illuminate\\Database\\Connection->getReadPdo()
#9 /data/secret/vendor/illuminate/database/Connection.php(338): Illuminate\\Database\\Connection->getPdoForSelect(true)
#10 /data/secret/vendor/illuminate/database/Connection.php(671): Illuminate\\Database\\Connection->Illuminate\\Database\\{closure}('select * from `...', Array)
#11 /data/secret/vendor/illuminate/database/Connection.php(752): Illuminate\\Database\\Connection->runQueryCallback('select * from `...', Array, Object(Closure))
#12 /data/secret/vendor/illuminate/database/Connection.php(732): Illuminate\\Database\\Connection->tryAgainIfCausedByLostConnection(Object(Illuminate\\Database\\QueryException), 'select * from `...', Array, Object(Closure))
#13 /data/secret/vendor/illuminate/database/Connection.php(641): Illuminate\\Database\\Connection->handleQueryException(Object(Illuminate\\Database\\QueryException), 'select * from `...', Array, Object(Closure))
#14 /data/secret/vendor/illuminate/database/Connection.php(346): Illuminate\\Database\\Connection->run('select * from `...', Array, Object(Closure))
#15 /data/secret/vendor/illuminate/database/Query/Builder.php(2313): Illuminate\\Database\\Connection->select('select * from `...', Array, true)
#16 /data/secret/vendor/illuminate/database/Query/Builder.php(2301): Illuminate\\Database\\Query\\Builder->runSelect()
#17 /data/secret/vendor/illuminate/database/Query/Builder.php(2796): Illuminate\\Database\\Query\\Builder->Illuminate\\Database\\Query\\{closure}()
#18 /data/secret/vendor/illuminate/database/Query/Builder.php(2302): Illuminate\\Database\\Query\\Builder->onceWithColumns(Array, Object(Closure))
#19 /data/secret/vendor/illuminate/database/Eloquent/Builder.php(588): Illuminate\\Database\\Query\\Builder->get(Array)
#20 /data/secret/vendor/illuminate/database/Eloquent/Builder.php(572): Illuminate\\Database\\Eloquent\\Builder->getModels(Array)
#21 /data/secret/vendor/illuminate/database/Concerns/BuildsQueries.php(170): Illuminate\\Database\\Eloquent\\Builder->get(Array)
#22 /data/secret/app/Http/Controllers/SecretApi.php(99): Illuminate\\Database\\Eloquent\\Builder->first()
#23 /data/secret/vendor/illuminate/container/BoundMethod.php(36): App\\Http\\Controllers\\SecretApi->getSecretByHash('asdasdasd')
#24 /data/secret/vendor/illuminate/container/Util.php(40): Illuminate\\Container\\BoundMethod::Illuminate\\Container\\{closure}()
#25 /data/secret/vendor/illuminate/container/BoundMethod.php(93): Illuminate\\Container\\Util::unwrapIfClosure(Object(Closure))
#26 /data/secret/vendor/illuminate/container/BoundMethod.php(37): Illuminate\\Container\\BoundMethod::callBoundMethod(Object(Laravel\\Lumen\\Application), Array, Object(Closure))
#27 /data/secret/vendor/illuminate/container/Container.php(611): Illuminate\\Container\\BoundMethod::call(Object(Laravel\\Lumen\\Application), Array, Array, NULL)
#28 /data/secret/vendor/laravel/lumen-framework/src/Concerns/RoutesRequests.php(386): Illuminate\\Container\\Container->call(Array, Array)
#29 /data/secret/vendor/laravel/lumen-framework/src/Concerns/RoutesRequests.php(352): Laravel\\Lumen\\Application->callControllerCallable(Array, Array)
#30 /data/secret/vendor/laravel/lumen-framework/src/Concerns/RoutesRequests.php(326): Laravel\\Lumen\\Application->callLumenController(Object(App\\Http\\Controllers\\SecretApi), 'getSecretByHash', Array)
#31 /data/secret/vendor/laravel/lumen-framework/src/Concerns/RoutesRequests.php(279): Laravel\\Lumen\\Application->callControllerAction(Array)
#32 /data/secret/vendor/laravel/lumen-framework/src/Concerns/RoutesRequests.php(264): Laravel\\Lumen\\Application->callActionOnArrayBasedRoute(Array)
#33 /data/secret/vendor/laravel/lumen-framework/src/Concerns/RoutesRequests.php(234): Laravel\\Lumen\\Application->handleFoundRoute(Array)
#34 /data/secret/vendor/laravel/lumen-framework/src/Concerns/RoutesRequests.php(170): Laravel\\Lumen\\Application->handleDispatcherResponse(Array)
#35 /data/secret/vendor/laravel/lumen-framework/src/Concerns/RoutesRequests.php(426): Laravel\\Lumen\\Application->Laravel\\Lumen\\Concerns\\{closure}(Object(Laravel\\Lumen\\Http\\Request))
#36 /data/secret/vendor/laravel/lumen-framework/src/Concerns/RoutesRequests.php(172): Laravel\\Lumen\\Application->sendThroughPipeline(Array, Object(Closure))
#37 /data/secret/vendor/laravel/lumen-framework/src/Concerns/RoutesRequests.php(109): Laravel\\Lumen\\Application->dispatch(NULL)
#38 /data/secret/public/index.php(34): Laravel\\Lumen\\Application->run()
#39 {main}
"} 
[2021-04-09 07:57:50] local.ERROR: SQLSTATE[HY000] [2002] php_network_getaddresses: getaddrinfo failed: Name or service not known (SQL: select * from `secrets` where `hash` = asdasdasd and `remainingViews` > 0 and (`expiresAt` >= 2021-04-09 07:57:50 or `expiresAt` is null) limit 1) {"exception":"[object] (Illuminate\\Database\\QueryException(code: 2002): SQLSTATE[HY000] [2002] php_network_getaddresses: getaddrinfo failed: Name or service not known (SQL: select * from `secrets` where `hash` = asdasdasd and `remainingViews` > 0 and (`expiresAt` >= 2021-04-09 07:57:50 or `expiresAt` is null) limit 1) at /data/secret/vendor/illuminate/database/Connection.php:678)
[stacktrace]
#0 /data/secret/vendor/illuminate/database/Connection.php(752): Illuminate\\Database\\Connection->runQueryCallback('select * from `...', Array, Object(Closure))
#1 /data/secret/vendor/illuminate/database/Connection.php(732): Illuminate\\Database\\Connection->tryAgainIfCausedByLostConnection(Object(Illuminate\\Database\\QueryException), 'select * from `...', Array, Object(Closure))
#2 /data/secret/vendor/illuminate/database/Connection.php(641): Illuminate\\Database\\Connection->handleQueryException(Object(Illuminate\\Database\\QueryException), 'select * from `...', Array, Object(Closure))
#3 /data/secret/vendor/illuminate/database/Connection.php(346): Illuminate\\Database\\Connection->run('select * from `...', Array, Object(Closure))
#4 /data/secret/vendor/illuminate/database/Query/Builder.php(2313): Illuminate\\Database\\Connection->select('select * from `...', Array, true)
#5 /data/secret/vendor/illuminate/database/Query/Builder.php(2301): Illuminate\\Database\\Query\\Builder->runSelect()
#6 /data/secret/vendor/illuminate/database/Query/Builder.php(2796): Illuminate\\Database\\Query\\Builder->Illuminate\\Database\\Query\\{closure}()
#7 /data/secret/vendor/illuminate/database/Query/Builder.php(2302): Illuminate\\Database\\Query\\Builder->onceWithColumns(Array, Object(Closure))
#8 /data/secret/vendor/illuminate/database/Eloquent/Builder.php(588): Illuminate\\Database\\Query\\Builder->get(Array)
#9 /data/secret/vendor/illuminate/database/Eloquent/Builder.php(572): Illuminate\\Database\\Eloquent\\Builder->getModels(Array)
#10 /data/secret/vendor/illuminate/database/Concerns/BuildsQueries.php(170): Illuminate\\Database\\Eloquent\\Builder->get(Array)
#11 /data/secret/app/Http/Controllers/SecretApi.php(99): Illuminate\\Database\\Eloquent\\Builder->first()
#12 /data/secret/vendor/illuminate/container/BoundMethod.php(36): App\\Http\\Controllers\\SecretApi->getSecretByHash('asdasdasd')
#13 /data/secret/vendor/illuminate/container/Util.php(40): Illuminate\\Container\\BoundMethod::Illuminate\\Container\\{closure}()
#14 /data/secret/vendor/illuminate/container/BoundMethod.php(93): Illuminate\\Container\\Util::unwrapIfClosure(Object(Closure))
#15 /data/secret/vendor/illuminate/container/BoundMethod.php(37): Illuminate\\Container\\BoundMethod::callBoundMethod(Object(Laravel\\Lumen\\Application), Array, Object(Closure))
#16 /data/secret/vendor/illuminate/container/Container.php(611): Illuminate\\Container\\BoundMethod::call(Object(Laravel\\Lumen\\Application), Array, Array, NULL)
#17 /data/secret/vendor/laravel/lumen-framework/src/Concerns/RoutesRequests.php(386): Illuminate\\Container\\Container->call(Array, Array)
#18 /data/secret/vendor/laravel/lumen-framework/src/Concerns/RoutesRequests.php(352): Laravel\\Lumen\\Application->callControllerCallable(Array, Array)
#19 /data/secret/vendor/laravel/lumen-framework/src/Concerns/RoutesRequests.php(326): Laravel\\Lumen\\Application->callLumenController(Object(App\\Http\\Controllers\\SecretApi), 'getSecretByHash', Array)
#20 /data/secret/vendor/laravel/lumen-framework/src/Concerns/RoutesRequests.php(279): Laravel\\Lumen\\Application->callControllerAction(Array)
#21 /data/secret/vendor/laravel/lumen-framework/src/Concerns/RoutesRequests.php(264): Laravel\\Lumen\\Application->callActionOnArrayBasedRoute(Array)
#22 /data/secret/vendor/laravel/lumen-framework/src/Concerns/RoutesRequests.php(234): Laravel\\Lumen\\Application->handleFoundRoute(Array)
#23 /data/secret/vendor/laravel/lumen-framework/src/Concerns/RoutesRequests.php(170): Laravel\\Lumen\\Application->handleDispatcherResponse(Array)
#24 /data/secret/vendor/laravel/lumen-framework/src/Concerns/RoutesRequests.php(426): Laravel\\Lumen\\Application->Laravel\\Lumen\\Concerns\\{closure}(Object(Laravel\\Lumen\\Http\\Request))
#25 /data/secret/vendor/laravel/lumen-framework/src/Concerns/RoutesRequests.php(172): Laravel\\Lumen\\Application->sendThroughPipeline(Array, Object(Closure))
#26 /data/secret/vendor/laravel/lumen-framework/src/Concerns/RoutesRequests.php(109): Laravel\\Lumen\\Application->dispatch(NULL)
#27 /data/secret/public/index.php(34): Laravel\\Lumen\\Application->run()
#28 {main}

[previous exception] [object] (PDOException(code: 2002): SQLSTATE[HY000] [2002] php_network_getaddresses: getaddrinfo failed: Name or service not known at /data/secret/vendor/illuminate/database/Connectors/Connector.php:70)
[stacktrace]
#0 /data/secret/vendor/illuminate/database/Connectors/Connector.php(70): PDO->__construct('mysql:host=mysq...', 'root', 'root', Array)
#1 /data/secret/vendor/illuminate/database/Connectors/Connector.php(100): Illuminate\\Database\\Connectors\\Connector->createPdoConnection('mysql:host=mysq...', 'root', 'root', Array)
#2 /data/secret/vendor/illuminate/database/Connectors/Connector.php(50): Illuminate\\Database\\Connectors\\Connector->tryAgainIfCausedByLostConnection(Object(PDOException), 'mysql:host=mysq...', 'root', 'root', Array)
#3 /data/secret/vendor/illuminate/database/Connectors/MySqlConnector.php(24): Illuminate\\Database\\Connectors\\Connector->createConnection('mysql:host=mysq...', Array, Array)
#4 /data/secret/vendor/illuminate/database/Connectors/ConnectionFactory.php(184): Illuminate\\Database\\Connectors\\MySqlConnector->connect(Array)
#5 [internal function]: Illuminate\\Database\\Connectors\\ConnectionFactory->Illuminate\\Database\\Connectors\\{closure}()
#6 /data/secret/vendor/illuminate/database/Connection.php(949): call_user_func(Object(Closure))
#7 /data/secret/vendor/illuminate/database/Connection.php(984): Illuminate\\Database\\Connection->getPdo()
#8 /data/secret/vendor/illuminate/database/Connection.php(412): Illuminate\\Database\\Connection->getReadPdo()
#9 /data/secret/vendor/illuminate/database/Connection.php(338): Illuminate\\Database\\Connection->getPdoForSelect(true)
#10 /data/secret/vendor/illuminate/database/Connection.php(671): Illuminate\\Database\\Connection->Illuminate\\Database\\{closure}('select * from `...', Array)
#11 /data/secret/vendor/illuminate/database/Connection.php(752): Illuminate\\Database\\Connection->runQueryCallback('select * from `...', Array, Object(Closure))
#12 /data/secret/vendor/illuminate/database/Connection.php(732): Illuminate\\Database\\Connection->tryAgainIfCausedByLostConnection(Object(Illuminate\\Database\\QueryException), 'select * from `...', Array, Object(Closure))
#13 /data/secret/vendor/illuminate/database/Connection.php(641): Illuminate\\Database\\Connection->handleQueryException(Object(Illuminate\\Database\\QueryException), 'select * from `...', Array, Object(Closure))
#14 /data/secret/vendor/illuminate/database/Connection.php(346): Illuminate\\Database\\Connection->run('select * from `...', Array, Object(Closure))
#15 /data/secret/vendor/illuminate/database/Query/Builder.php(2313): Illuminate\\Database\\Connection->select('select * from `...', Array, true)
#16 /data/secret/vendor/illuminate/database/Query/Builder.php(2301): Illuminate\\Database\\Query\\Builder->runSelect()
#17 /data/secret/vendor/illuminate/database/Query/Builder.php(2796): Illuminate\\Database\\Query\\Builder->Illuminate\\Database\\Query\\{closure}()
#18 /data/secret/vendor/illuminate/database/Query/Builder.php(2302): Illuminate\\Database\\Query\\Builder->onceWithColumns(Array, Object(Closure))
#19 /data/secret/vendor/illuminate/database/Eloquent/Builder.php(588): Illuminate\\Database\\Query\\Builder->get(Array)
#20 /data/secret/vendor/illuminate/database/Eloquent/Builder.php(572): Illuminate\\Database\\Eloquent\\Builder->getModels(Array)
#21 /data/secret/vendor/illuminate/database/Concerns/BuildsQueries.php(170): Illuminate\\Database\\Eloquent\\Builder->get(Array)
#22 /data/secret/app/Http/Controllers/SecretApi.php(99): Illuminate\\Database\\Eloquent\\Builder->first()
#23 /data/secret/vendor/illuminate/container/BoundMethod.php(36): App\\Http\\Controllers\\SecretApi->getSecretByHash('asdasdasd')
#24 /data/secret/vendor/illuminate/container/Util.php(40): Illuminate\\Container\\BoundMethod::Illuminate\\Container\\{closure}()
#25 /data/secret/vendor/illuminate/container/BoundMethod.php(93): Illuminate\\Container\\Util::unwrapIfClosure(Object(Closure))
#26 /data/secret/vendor/illuminate/container/BoundMethod.php(37): Illuminate\\Container\\BoundMethod::callBoundMethod(Object(Laravel\\Lumen\\Application), Array, Object(Closure))
#27 /data/secret/vendor/illuminate/container/Container.php(611): Illuminate\\Container\\BoundMethod::call(Object(Laravel\\Lumen\\Application), Array, Array, NULL)
#28 /data/secret/vendor/laravel/lumen-framework/src/Concerns/RoutesRequests.php(386): Illuminate\\Container\\Container->call(Array, Array)
#29 /data/secret/vendor/laravel/lumen-framework/src/Concerns/RoutesRequests.php(352): Laravel\\Lumen\\Application->callControllerCallable(Array, Array)
#30 /data/secret/vendor/laravel/lumen-framework/src/Concerns/RoutesRequests.php(326): Laravel\\Lumen\\Application->callLumenController(Object(App\\Http\\Controllers\\SecretApi), 'getSecretByHash', Array)
#31 /data/secret/vendor/laravel/lumen-framework/src/Concerns/RoutesRequests.php(279): Laravel\\Lumen\\Application->callControllerAction(Array)
#32 /data/secret/vendor/laravel/lumen-framework/src/Concerns/RoutesRequests.php(264): Laravel\\Lumen\\Application->callActionOnArrayBasedRoute(Array)
#33 /data/secret/vendor/laravel/lumen-framework/src/Concerns/RoutesRequests.php(234): Laravel\\Lumen\\Application->handleFoundRoute(Array)
#34 /data/secret/vendor/laravel/lumen-framework/src/Concerns/RoutesRequests.php(170): Laravel\\Lumen\\Application->handleDispatcherResponse(Array)
#35 /data/secret/vendor/laravel/lumen-framework/src/Concerns/RoutesRequests.php(426): Laravel\\Lumen\\Application->Laravel\\Lumen\\Concerns\\{closure}(Object(Laravel\\Lumen\\Http\\Request))
#36 /data/secret/vendor/laravel/lumen-framework/src/Concerns/RoutesRequests.php(172): Laravel\\Lumen\\Application->sendThroughPipeline(Array, Object(Closure))
#37 /data/secret/vendor/laravel/lumen-framework/src/Concerns/RoutesRequests.php(109): Laravel\\Lumen\\Application->dispatch(NULL)
#38 /data/secret/public/index.php(34): Laravel\\Lumen\\Application->run()
#39 {main}

[previous exception] [object] (PDOException(code: 0): PDO::__construct(): php_network_getaddresses: getaddrinfo failed: Name or service not known at /data/secret/vendor/illuminate/database/Connectors/Connector.php:70)
[stacktrace]
#0 /data/secret/vendor/illuminate/database/Connectors/Connector.php(70): PDO->__construct('mysql:host=mysq...', 'root', 'root', Array)
#1 /data/secret/vendor/illuminate/database/Connectors/Connector.php(100): Illuminate\\Database\\Connectors\\Connector->createPdoConnection('mysql:host=mysq...', 'root', 'root', Array)
#2 /data/secret/vendor/illuminate/database/Connectors/Connector.php(50): Illuminate\\Database\\Connectors\\Connector->tryAgainIfCausedByLostConnection(Object(PDOException), 'mysql:host=mysq...', 'root', 'root', Array)
#3 /data/secret/vendor/illuminate/database/Connectors/MySqlConnector.php(24): Illuminate\\Database\\Connectors\\Connector->createConnection('mysql:host=mysq...', Array, Array)
#4 /data/secret/vendor/illuminate/database/Connectors/ConnectionFactory.php(184): Illuminate\\Database\\Connectors\\MySqlConnector->connect(Array)
#5 [internal function]: Illuminate\\Database\\Connectors\\ConnectionFactory->Illuminate\\Database\\Connectors\\{closure}()
#6 /data/secret/vendor/illuminate/database/Connection.php(949): call_user_func(Object(Closure))
#7 /data/secret/vendor/illuminate/database/Connection.php(984): Illuminate\\Database\\Connection->getPdo()
#8 /data/secret/vendor/illuminate/database/Connection.php(412): Illuminate\\Database\\Connection->getReadPdo()
#9 /data/secret/vendor/illuminate/database/Connection.php(338): Illuminate\\Database\\Connection->getPdoForSelect(true)
#10 /data/secret/vendor/illuminate/database/Connection.php(671): Illuminate\\Database\\Connection->Illuminate\\Database\\{closure}('select * from `...', Array)
#11 /data/secret/vendor/illuminate/database/Connection.php(752): Illuminate\\Database\\Connection->runQueryCallback('select * from `...', Array, Object(Closure))
#12 /data/secret/vendor/illuminate/database/Connection.php(732): Illuminate\\Database\\Connection->tryAgainIfCausedByLostConnection(Object(Illuminate\\Database\\QueryException), 'select * from `...', Array, Object(Closure))
#13 /data/secret/vendor/illuminate/database/Connection.php(641): Illuminate\\Database\\Connection->handleQueryException(Object(Illuminate\\Database\\QueryException), 'select * from `...', Array, Object(Closure))
#14 /data/secret/vendor/illuminate/database/Connection.php(346): Illuminate\\Database\\Connection->run('select * from `...', Array, Object(Closure))
#15 /data/secret/vendor/illuminate/database/Query/Builder.php(2313): Illuminate\\Database\\Connection->select('select * from `...', Array, true)
#16 /data/secret/vendor/illuminate/database/Query/Builder.php(2301): Illuminate\\Database\\Query\\Builder->runSelect()
#17 /data/secret/vendor/illuminate/database/Query/Builder.php(2796): Illuminate\\Database\\Query\\Builder->Illuminate\\Database\\Query\\{closure}()
#18 /data/secret/vendor/illuminate/database/Query/Builder.php(2302): Illuminate\\Database\\Query\\Builder->onceWithColumns(Array, Object(Closure))
#19 /data/secret/vendor/illuminate/database/Eloquent/Builder.php(588): Illuminate\\Database\\Query\\Builder->get(Array)
#20 /data/secret/vendor/illuminate/database/Eloquent/Builder.php(572): Illuminate\\Database\\Eloquent\\Builder->getModels(Array)
#21 /data/secret/vendor/illuminate/database/Concerns/BuildsQueries.php(170): Illuminate\\Database\\Eloquent\\Builder->get(Array)
#22 /data/secret/app/Http/Controllers/SecretApi.php(99): Illuminate\\Database\\Eloquent\\Builder->first()
#23 /data/secret/vendor/illuminate/container/BoundMethod.php(36): App\\Http\\Controllers\\SecretApi->getSecretByHash('asdasdasd')
#24 /data/secret/vendor/illuminate/container/Util.php(40): Illuminate\\Container\\BoundMethod::Illuminate\\Container\\{closure}()
#25 /data/secret/vendor/illuminate/container/BoundMethod.php(93): Illuminate\\Container\\Util::unwrapIfClosure(Object(Closure))
#26 /data/secret/vendor/illuminate/container/BoundMethod.php(37): Illuminate\\Container\\BoundMethod::callBoundMethod(Object(Laravel\\Lumen\\Application), Array, Object(Closure))
#27 /data/secret/vendor/illuminate/container/Container.php(611): Illuminate\\Container\\BoundMethod::call(Object(Laravel\\Lumen\\Application), Array, Array, NULL)
#28 /data/secret/vendor/laravel/lumen-framework/src/Concerns/RoutesRequests.php(386): Illuminate\\Container\\Container->call(Array, Array)
#29 /data/secret/vendor/laravel/lumen-framework/src/Concerns/RoutesRequests.php(352): Laravel\\Lumen\\Application->callControllerCallable(Array, Array)
#30 /data/secret/vendor/laravel/lumen-framework/src/Concerns/RoutesRequests.php(326): Laravel\\Lumen\\Application->callLumenController(Object(App\\Http\\Controllers\\SecretApi), 'getSecretByHash', Array)
#31 /data/secret/vendor/laravel/lumen-framework/src/Concerns/RoutesRequests.php(279): Laravel\\Lumen\\Application->callControllerAction(Array)
#32 /data/secret/vendor/laravel/lumen-framework/src/Concerns/RoutesRequests.php(264): Laravel\\Lumen\\Application->callActionOnArrayBasedRoute(Array)
#33 /data/secret/vendor/laravel/lumen-framework/src/Concerns/RoutesRequests.php(234): Laravel\\Lumen\\Application->handleFoundRoute(Array)
#34 /data/secret/vendor/laravel/lumen-framework/src/Concerns/RoutesRequests.php(170): Laravel\\Lumen\\Application->handleDispatcherResponse(Array)
#35 /data/secret/vendor/laravel/lumen-framework/src/Concerns/RoutesRequests.php(426): Laravel\\Lumen\\Application->Laravel\\Lumen\\Concerns\\{closure}(Object(Laravel\\Lumen\\Http\\Request))
#36 /data/secret/vendor/laravel/lumen-framework/src/Concerns/RoutesRequests.php(172): Laravel\\Lumen\\Application->sendThroughPipeline(Array, Object(Closure))
#37 /data/secret/vendor/laravel/lumen-framework/src/Concerns/RoutesRequests.php(109): Laravel\\Lumen\\Application->dispatch(NULL)
#38 /data/secret/public/index.php(34): Laravel\\Lumen\\Application->run()
#39 {main}
"} 
